2016-10-26 13:55:42 SYS   INFO - txtUML Diagnostics connection is set on 52307 for service instance 0xc61837a6
2016-10-26 13:55:42 EXEC TRACE - Model executor started.
2016-10-26 14:01:24 SYS   INFO - txtUML Diagnostics connection is set on 52332 for service instance 0xaa0b5f96
2016-10-26 14:01:24 EXEC TRACE - Model executor started.
2016-10-26 14:01:24 USER  INFO - Hotel and Customers are starting.
2016-10-26 14:01:24 EXEC TRACE - Hotel@obj0 leaves initial:Initi
2016-10-26 14:01:25 EXEC TRACE - Hotel@obj0 uses transition:Initialize
2016-10-26 14:01:26 EXEC TRACE - Hotel@obj0 enters state:Booking
2016-10-26 14:01:27 EXEC TRACE - Customer@obj1 leaves initial:Init
2016-10-26 14:01:28 EXEC TRACE - Customer@obj1 uses transition:DoBook
2016-10-26 14:01:29 EXEC TRACE - Customer@obj1 enters state:Book
2016-10-26 14:01:30 EXEC TRACE - Customer@obj2 leaves initial:Init
2016-10-26 14:01:30 EXEC TRACE - Customer@obj2 uses transition:DoBook
2016-10-26 14:01:31 EXEC TRACE - Customer@obj2 enters state:Book
2016-10-26 14:01:31 USER  INFO - One of the customers is starting to Booking in Hotel
2016-10-26 14:01:31 EXEC TRACE - Customer@obj1 processes signal:DoReservation
2016-10-26 14:01:31 EXEC TRACE - Customer@obj1 leaves state:Book
2016-10-26 14:01:32 EXEC TRACE - Customer@obj1 uses transition:DoCheckIn
2016-10-26 14:01:33 EXEC TRACE - Customer@obj1 enters state:CheckIn
2016-10-26 14:01:34 EXEC TRACE - Customer@obj1 processes signal:DoReservation
2016-10-26 14:01:34 EXEC  WARN - A signal arrived to model object Customer@obj1 but it was not processed by the object's state machine. The signal was: signal:DoReservation
2016-10-26 14:01:34 EXEC TRACE - Model executor terminated.
2016-10-30 12:25:08 SYS   INFO - txtUML Diagnostics connection is set on 58192 for service instance 0x6e308a17
2016-10-30 12:25:08 EXEC TRACE - Model executor started.
2016-10-30 12:25:09 USER  INFO - Hotel and Customers are starting.
2016-10-30 12:25:09 EXEC TRACE - Hotel@obj0 leaves initial:Initi
2016-10-30 12:25:10 EXEC TRACE - Hotel@obj0 uses transition:Initialize
2016-10-30 12:25:11 EXEC TRACE - Hotel@obj0 enters state:Booking
2016-10-30 12:25:12 EXEC TRACE - Customer@obj1 leaves initial:Init
2016-10-30 12:25:13 EXEC TRACE - Customer@obj1 uses transition:DoBook
2016-10-30 12:25:14 EXEC TRACE - Customer@obj1 enters state:Book
2016-10-30 12:25:15 EXEC TRACE - Customer@obj2 leaves initial:Init
2016-10-30 12:25:15 EXEC TRACE - Customer@obj2 uses transition:DoBook
2016-10-30 12:25:15 EXEC TRACE - Customer@obj2 enters state:Book
2016-10-30 12:25:15 USER  INFO - One of the customers is starting to Booking in Hotel
2016-10-30 12:25:15 EXEC TRACE - Customer@obj1 processes signal:DoReservation
2016-10-30 12:25:15 EXEC TRACE - Customer@obj1 leaves state:Book
2016-10-30 12:25:16 EXEC TRACE - Customer@obj1 uses transition:DoCheckIn
2016-10-30 12:25:17 EXEC TRACE - Customer@obj1 enters state:CheckIn
2016-10-30 12:25:19 EXEC TRACE - Customer@obj1 processes signal:DoReservation
2016-10-30 12:25:19 EXEC  WARN - A signal arrived to model object Customer@obj1 but it was not processed by the object's state machine. The signal was: signal:DoReservation
2016-10-30 12:25:19 EXEC TRACE - Model executor terminated.
2016-10-30 21:54:18 SYS   INFO - txtUML Diagnostics connection is set on 51696 for service instance 0x32d08b4f
2016-10-30 21:54:18 EXEC TRACE - Model executor started.
2016-10-30 21:54:19 USER  INFO - Hotel and Customers are starting.
2016-10-30 21:54:19 EXEC TRACE - Hotel@obj0 leaves initial:Init
2016-10-30 21:54:20 EXEC TRACE - Hotel@obj0 uses transition:Initialize
2016-10-30 21:54:22 EXEC TRACE - Hotel@obj0 enters state:Receive_Customer
2016-10-30 21:54:23 EXEC TRACE - Customer@obj1 leaves initial:Init
2016-10-30 21:54:25 EXEC TRACE - Customer@obj1 uses transition:Wait
2016-10-30 21:54:26 EXEC TRACE - Customer@obj1 enters state:Waiting
2016-10-30 21:54:27 EXEC TRACE - Customer@obj2 leaves initial:Init
2016-10-30 21:54:27 EXEC TRACE - Customer@obj2 uses transition:Wait
2016-10-30 21:54:27 EXEC TRACE - Customer@obj2 enters state:Waiting
2016-10-30 21:54:27 USER  INFO - One of the customers is starting to Booking in Hotel
2016-10-30 21:54:27 EXEC TRACE - Customer@obj1 processes signal:DoReservation
2016-10-30 21:54:27 EXEC TRACE - Customer@obj1 leaves state:Waiting
2016-10-30 21:54:28 EXEC TRACE - Customer@obj1 uses transition:Reservatio
2016-10-30 21:54:29 EXEC TRACE - Customer@obj1 enters state:DoReserv
2016-10-30 21:54:31 EXEC TRACE - Customer@obj1 processes signal:DoReservation
2016-10-30 21:54:31 EXEC TRACE - Customer@obj1 leaves state:DoReserv
2016-10-30 21:54:32 EXEC TRACE - Customer@obj1 uses transition:Check
2016-10-30 21:54:33 EXEC TRACE - Customer@obj1 enters choice:Check_Place
2016-10-30 21:54:34 EXEC TRACE - Customer@obj1 leaves choice:Check_Place
2016-10-30 21:54:35 EXEC TRACE - Customer@obj1 uses transition:Book
2016-10-30 21:54:36 EXEC TRACE - Customer@obj1 enters state:Check_In
2016-10-30 21:54:37 EXEC TRACE - Model executor terminated.
2016-10-30 21:56:44 SYS   INFO - txtUML Diagnostics connection is set on 51733 for service instance 0x293754ea
2016-10-30 21:56:44 EXEC TRACE - Model executor started.
2016-10-30 21:56:44 USER  INFO - Hotel and Customers are starting.
2016-10-30 21:56:44 EXEC TRACE - Hotel@obj0 leaves initial:Init
2016-10-30 21:56:45 EXEC TRACE - Hotel@obj0 uses transition:Initialize
2016-10-30 21:56:47 EXEC TRACE - Hotel@obj0 enters state:Receive_Customer
2016-10-30 21:56:48 EXEC TRACE - Customer@obj1 leaves initial:Init
2016-10-30 21:56:49 EXEC TRACE - Customer@obj1 uses transition:Wait
2016-10-30 21:56:50 EXEC TRACE - Customer@obj1 enters state:Waiting
2016-10-30 21:56:51 EXEC TRACE - Customer@obj2 leaves initial:Init
2016-10-30 21:56:51 EXEC TRACE - Customer@obj2 uses transition:Wait
2016-10-30 21:56:51 EXEC TRACE - Customer@obj2 enters state:Waiting
2016-10-30 21:56:51 USER  INFO - One of the customers is starting to Booking in Hotel
2016-10-30 21:56:51 EXEC TRACE - Customer@obj1 processes signal:DoReservation
2016-10-30 21:56:51 EXEC TRACE - Customer@obj1 leaves state:Waiting
2016-10-30 21:56:53 EXEC TRACE - Customer@obj1 uses transition:Reservatio
2016-10-30 21:56:54 EXEC TRACE - Customer@obj1 enters state:DoReserv
2016-10-30 21:56:55 EXEC TRACE - Customer@obj1 processes signal:DoReservation
2016-10-30 21:56:55 EXEC TRACE - Customer@obj1 leaves state:DoReserv
2016-10-30 21:56:56 EXEC TRACE - Customer@obj1 uses transition:Check
2016-10-30 21:56:57 EXEC TRACE - Customer@obj1 enters choice:Check_Place
2016-10-30 21:56:58 EXEC TRACE - Customer@obj1 leaves choice:Check_Place
2016-10-30 21:56:59 EXEC TRACE - Customer@obj1 uses transition:Book
2016-10-30 21:57:01 EXEC TRACE - Customer@obj1 enters state:Check_In
2016-10-30 21:57:02 EXEC TRACE - Model executor terminated.
2016-10-30 21:57:39 SYS   INFO - txtUML Diagnostics connection is set on 51760 for service instance 0xd3ce0181
2016-10-30 21:57:39 EXEC TRACE - Model executor started.
2016-10-30 21:57:40 USER  INFO - Hotel and Customers are starting.
2016-10-30 21:57:40 EXEC TRACE - Hotel@obj0 leaves initial:Init
2016-10-30 21:57:41 EXEC TRACE - Hotel@obj0 uses transition:Initialize
2016-10-30 21:57:43 EXEC TRACE - Hotel@obj0 enters state:Receive_Customer
2016-10-30 21:57:44 EXEC TRACE - Customer@obj1 leaves initial:Init
2016-10-30 21:57:45 EXEC TRACE - Customer@obj1 uses transition:Wait
2016-10-30 21:57:46 EXEC TRACE - Customer@obj1 enters state:Waiting
2016-10-30 21:57:47 EXEC TRACE - Customer@obj2 leaves initial:Init
2016-10-30 21:57:48 EXEC TRACE - Customer@obj2 uses transition:Wait
2016-10-30 21:57:48 EXEC TRACE - Customer@obj2 enters state:Waiting
2016-10-30 21:57:48 USER  INFO - One of the customers is starting to Booking in Hotel
2016-10-30 21:57:48 EXEC TRACE - Customer@obj1 processes signal:DoReservation
2016-10-30 21:57:48 EXEC TRACE - Customer@obj1 leaves state:Waiting
2016-10-30 21:57:49 EXEC TRACE - Customer@obj1 uses transition:Reservatio
2016-10-30 21:57:50 EXEC TRACE - Customer@obj1 enters state:DoReserv
2016-10-30 21:57:52 EXEC TRACE - Customer@obj1 processes signal:DoReservation
2016-10-30 21:57:52 EXEC TRACE - Customer@obj1 leaves state:DoReserv
2016-10-30 21:57:53 EXEC TRACE - Customer@obj1 uses transition:Check
2016-10-30 21:57:54 EXEC TRACE - Customer@obj1 enters choice:Check_Place
2016-10-30 21:57:55 EXEC TRACE - Customer@obj1 leaves choice:Check_Place
2016-10-30 21:57:56 EXEC TRACE - Customer@obj1 uses transition:Book
2016-10-30 21:57:58 EXEC TRACE - Customer@obj1 enters state:Check_In
2016-10-30 21:57:59 EXEC TRACE - Model executor terminated.
2016-10-30 22:05:54 SYS   INFO - txtUML Diagnostics connection is set on 51850 for service instance 0x3fa474e6
2016-10-30 22:05:54 EXEC TRACE - Model executor started.
2016-10-30 22:05:54 USER  INFO - Hotel and Customers are starting.
2016-10-30 22:05:54 EXEC TRACE - Hotel@obj0 leaves initial:Init
2016-10-30 22:05:55 EXEC TRACE - Hotel@obj0 uses transition:Initialize
2016-10-30 22:05:57 EXEC TRACE - Hotel@obj0 enters state:Receive_Customer
2016-10-30 22:05:58 EXEC TRACE - Customer@obj1 leaves initial:Init
2016-10-30 22:05:59 EXEC TRACE - Customer@obj1 uses transition:Wait
2016-10-30 22:06:00 EXEC TRACE - Customer@obj1 enters state:Waiting
2016-10-30 22:06:01 EXEC TRACE - Customer@obj2 leaves initial:Init
2016-10-30 22:06:01 EXEC TRACE - Customer@obj2 uses transition:Wait
2016-10-30 22:06:01 EXEC TRACE - Customer@obj2 enters state:Waiting
2016-10-30 22:06:01 USER  INFO - One of the customers is starting to Booking in Hotel
2016-10-30 22:06:01 EXEC TRACE - Customer@obj1 processes signal:DoReservation
2016-10-30 22:06:01 EXEC TRACE - Customer@obj1 leaves state:Waiting
2016-10-30 22:06:02 EXEC TRACE - Customer@obj1 uses transition:Reservatio
2016-10-30 22:06:04 EXEC TRACE - Customer@obj1 enters state:DoReserv
2016-10-30 22:06:05 EXEC TRACE - Customer@obj1 processes signal:DoReservation
2016-10-30 22:06:05 EXEC TRACE - Customer@obj1 leaves state:DoReserv
2016-10-30 22:06:06 EXEC TRACE - Customer@obj1 uses transition:Check
2016-10-30 22:06:07 EXEC TRACE - Customer@obj1 enters choice:Check_Place
2016-10-30 22:06:09 EXEC TRACE - Customer@obj1 leaves choice:Check_Place
2016-10-30 22:06:10 EXEC TRACE - Customer@obj1 uses transition:Book
2016-10-30 22:06:11 EXEC TRACE - Customer@obj1 enters state:Check_In
2016-10-30 22:06:12 EXEC TRACE - Model executor terminated.
2016-10-30 22:07:40 SYS   INFO - txtUML Diagnostics connection is set on 51881 for service instance 0xcb4d45c7
2016-10-30 22:07:40 EXEC TRACE - Model executor started.
2016-10-30 22:07:40 USER  INFO - Hotel and Customers are starting.
2016-10-30 22:07:40 EXEC TRACE - Hotel@obj0 leaves initial:Init
2016-10-30 22:07:41 EXEC TRACE - Hotel@obj0 uses transition:Initialize
2016-10-30 22:07:42 EXEC TRACE - Hotel@obj0 enters state:Receive_Customer
2016-10-30 22:07:44 EXEC TRACE - Customer@obj1 leaves initial:Init
2016-10-30 22:07:45 EXEC TRACE - Customer@obj1 uses transition:Wait
2016-10-30 22:07:46 EXEC TRACE - Customer@obj1 enters state:Waiting
2016-10-30 22:07:47 EXEC TRACE - Customer@obj2 leaves initial:Init
2016-10-30 22:07:47 EXEC TRACE - Customer@obj2 uses transition:Wait
2016-10-30 22:07:47 EXEC TRACE - Customer@obj2 enters state:Waiting
2016-10-30 22:07:47 USER  INFO - One of the customers is starting to Booking in Hotel
2016-10-30 22:07:47 EXEC TRACE - Customer@obj1 processes signal:DoReservation
2016-10-30 22:07:47 EXEC TRACE - Customer@obj1 leaves state:Waiting
2016-10-30 22:07:48 EXEC TRACE - Customer@obj1 uses transition:Reservatio
2016-10-30 22:07:49 EXEC TRACE - Customer@obj1 enters state:DoReserv
2016-10-30 22:07:51 EXEC TRACE - Customer@obj1 processes signal:DoReservation
2016-10-30 22:07:51 EXEC TRACE - Customer@obj1 leaves state:DoReserv
2016-10-30 22:07:52 EXEC TRACE - Customer@obj1 uses transition:Check
2016-10-30 22:07:53 EXEC TRACE - Customer@obj1 enters choice:Check_Place
2016-10-30 22:07:55 EXEC TRACE - Customer@obj1 leaves choice:Check_Place
2016-10-30 22:07:56 EXEC TRACE - Customer@obj1 uses transition:Book
2016-10-30 22:07:57 EXEC TRACE - Customer@obj1 enters state:Check_In
2016-10-30 22:07:59 EXEC TRACE - Model executor terminated.
2016-10-30 22:20:56 SYS   INFO - txtUML Diagnostics connection is set on 52105 for service instance 0xc0d25467
2016-10-30 22:20:56 EXEC TRACE - Model executor started.
2016-10-30 22:20:56 USER  INFO - Hotel and Customers are starting.
2016-10-30 22:20:56 EXEC TRACE - Hotel@obj0 leaves initial:Init
2016-10-30 22:20:57 EXEC TRACE - Hotel@obj0 uses transition:Initialize
2016-10-30 22:20:59 EXEC TRACE - Hotel@obj0 enters state:Receive_Customer
2016-10-30 22:21:00 EXEC TRACE - Customer@obj1 leaves initial:Init
2016-10-30 22:21:01 EXEC TRACE - Customer@obj1 uses transition:Wait
2016-10-30 22:21:02 EXEC TRACE - Customer@obj1 enters state:Waiting
2016-10-30 22:21:03 USER  INFO - One of the customers is starting to Booking in Hotel
2016-10-30 22:21:03 EXEC TRACE - Customer@obj1 processes signal:DoReservation
2016-10-30 22:21:03 EXEC TRACE - Customer@obj1 leaves state:Waiting
2016-10-30 22:21:04 EXEC TRACE - Customer@obj1 uses transition:Reservatio
2016-10-30 22:21:05 EXEC TRACE - Customer@obj1 enters state:DoReserv
2016-10-30 22:21:07 EXEC TRACE - Customer@obj1 processes signal:DoReservation
2016-10-30 22:21:07 EXEC TRACE - Customer@obj1 leaves state:DoReserv
2016-10-30 22:21:08 EXEC TRACE - Customer@obj1 uses transition:Check
2016-10-30 22:21:09 EXEC TRACE - Customer@obj1 enters choice:Check_Place
2016-10-30 22:21:10 EXEC TRACE - Customer@obj1 leaves choice:Check_Place
2016-10-30 22:21:11 EXEC TRACE - Customer@obj1 uses transition:Book
2016-10-30 22:21:13 EXEC TRACE - Customer@obj1 enters state:Check_In
2016-10-30 22:21:14 EXEC TRACE - Model executor terminated.
2016-10-30 23:55:24 SYS   INFO - txtUML Diagnostics connection is set on 54388 for service instance 0x10896071
2016-10-30 23:55:24 EXEC TRACE - Model executor started.
2016-10-30 23:55:30 USER  INFO - Hotel and Customers are starting.
2016-10-30 23:55:30 EXEC TRACE - Hotel@obj0 leaves initial:Init
2016-10-30 23:55:33 EXEC TRACE - Hotel@obj0 uses transition:Initialize
2016-10-30 23:55:41 EXEC TRACE - Hotel@obj0 enters state:Receive_Customer
2016-10-30 23:55:42 EXEC TRACE - Customer@obj1 leaves initial:Init
2016-10-30 23:55:43 EXEC TRACE - Customer@obj1 uses transition:Wait
2016-10-30 23:55:45 EXEC TRACE - Customer@obj1 enters state:Waiting
2016-10-30 23:55:46 EXEC TRACE - Customer@obj2 leaves initial:Init
2016-10-30 23:55:46 EXEC TRACE - Customer@obj2 uses transition:Wait
2016-10-30 23:55:46 EXEC TRACE - Customer@obj2 enters state:Waiting
2016-10-30 23:55:46 USER  INFO - One of the customers is starting to Booking in Hotel
2016-10-30 23:55:46 EXEC TRACE - Hotel@obj0 processes signal:DoReservation
2016-10-30 23:55:46 EXEC  WARN - A signal arrived to model object Hotel@obj0 but it was not processed by the object's state machine. The signal was: signal:DoReservation
2016-10-30 23:55:46 EXEC TRACE - Model executor terminated.
2016-10-30 23:56:03 SYS   INFO - txtUML Diagnostics connection is set on 54406 for service instance 0xeb00eac9
2016-10-30 23:56:03 EXEC TRACE - Model executor started.
2016-10-30 23:56:03 USER  INFO - Hotel and Customers are starting.
2016-10-30 23:56:03 EXEC TRACE - Hotel@obj0 leaves initial:Init
2016-10-30 23:56:04 EXEC TRACE - Hotel@obj0 uses transition:Initialize
2016-10-30 23:56:05 EXEC TRACE - Hotel@obj0 enters state:Receive_Customer
2016-10-30 23:56:07 EXEC TRACE - Customer@obj1 leaves initial:Init
2016-10-30 23:56:08 EXEC TRACE - Customer@obj1 uses transition:Wait
2016-10-30 23:56:09 EXEC TRACE - Customer@obj1 enters state:Waiting
2016-10-30 23:56:10 EXEC TRACE - Customer@obj2 leaves initial:Init
2016-10-30 23:56:10 EXEC TRACE - Customer@obj2 uses transition:Wait
2016-10-30 23:56:10 EXEC TRACE - Customer@obj2 enters state:Waiting
2016-10-30 23:56:10 USER  INFO - One of the customers is starting to Booking in Hotel
2016-10-30 23:56:10 EXEC TRACE - Hotel@obj0 processes signal:DoReservation
2016-10-30 23:56:10 EXEC  WARN - A signal arrived to model object Hotel@obj0 but it was not processed by the object's state machine. The signal was: signal:DoReservation
2016-10-30 23:56:10 EXEC TRACE - Model executor terminated.
2016-10-30 23:56:37 SYS   INFO - txtUML Diagnostics connection is set on 54421 for service instance 0x5a730495
2016-10-30 23:56:38 EXEC TRACE - Model executor started.
2016-10-30 23:56:38 USER  INFO - Hotel and Customers are starting.
2016-10-30 23:56:38 EXEC TRACE - Hotel@obj0 leaves initial:Init
2016-10-30 23:56:39 EXEC TRACE - Hotel@obj0 uses transition:Initialize
2016-10-30 23:56:40 EXEC TRACE - Hotel@obj0 enters state:Receive_Customer
2016-10-30 23:56:42 EXEC TRACE - Customer@obj1 leaves initial:Init
2016-10-30 23:56:43 EXEC TRACE - Customer@obj1 uses transition:Wait
2016-10-30 23:56:44 EXEC TRACE - Customer@obj1 enters state:Waiting
2016-10-30 23:56:45 EXEC TRACE - Customer@obj2 leaves initial:Init
2016-10-30 23:56:45 EXEC TRACE - Customer@obj2 uses transition:Wait
2016-10-30 23:56:46 EXEC TRACE - Customer@obj2 enters state:Waiting
2016-10-30 23:56:46 USER  INFO - One of the customers is starting to Booking in Hotel
2016-10-30 23:56:46 EXEC TRACE - Customer@obj1 processes signal:DoReservation
2016-10-30 23:56:46 EXEC TRACE - Customer@obj1 leaves state:Waiting
2016-10-30 23:56:47 EXEC TRACE - Customer@obj1 uses transition:Reservatio
2016-10-30 23:56:48 EXEC TRACE - Customer@obj1 enters state:DoReserv
2016-10-30 23:56:49 EXEC TRACE - Model executor terminated.
2016-10-30 23:57:20 SYS   INFO - txtUML Diagnostics connection is set on 54442 for service instance 0x97fb191e
2016-10-30 23:57:20 EXEC TRACE - Model executor started.
2016-10-30 23:57:20 USER  INFO - Hotel and Customers are starting.
2016-10-30 23:57:20 EXEC TRACE - Hotel@obj0 leaves initial:Init
2016-10-30 23:57:21 EXEC TRACE - Hotel@obj0 uses transition:Initialize
2016-10-30 23:57:23 EXEC TRACE - Hotel@obj0 enters state:Receive_Customer
2016-10-30 23:57:24 EXEC TRACE - Customer@obj1 leaves initial:Init
2016-10-30 23:57:25 EXEC TRACE - Customer@obj1 uses transition:Wait
2016-10-30 23:57:26 EXEC TRACE - Customer@obj1 enters state:Waiting
2016-10-30 23:57:27 EXEC TRACE - Customer@obj2 leaves initial:Init
2016-10-30 23:57:28 EXEC TRACE - Customer@obj2 uses transition:Wait
2016-10-30 23:57:28 EXEC TRACE - Customer@obj2 enters state:Waiting
2016-10-30 23:57:28 USER  INFO - One of the customers is starting to Booking in Hotel
2016-10-30 23:57:28 EXEC TRACE - Customer@obj1 processes signal:DoReservation
2016-10-30 23:57:28 EXEC TRACE - Customer@obj1 leaves state:Waiting
2016-10-30 23:57:29 EXEC TRACE - Customer@obj1 uses transition:Reservatio
2016-10-30 23:57:30 EXEC TRACE - Customer@obj1 enters state:DoReserv
2016-10-30 23:57:31 EXEC TRACE - Customer@obj2 processes signal:DoReservation
2016-10-30 23:57:31 EXEC TRACE - Customer@obj2 leaves state:Waiting
2016-10-30 23:57:31 EXEC TRACE - Customer@obj2 uses transition:Reservatio
2016-10-30 23:57:31 EXEC TRACE - Customer@obj2 enters state:DoReserv
2016-10-30 23:57:31 EXEC TRACE - Model executor terminated.
2016-10-30 23:58:33 SYS   INFO - txtUML Diagnostics connection is set on 54478 for service instance 0xc1fea9a5
2016-10-30 23:58:33 EXEC TRACE - Model executor started.
2016-10-30 23:58:33 USER  INFO - Hotel and Customers are starting.
2016-10-30 23:58:33 EXEC TRACE - Hotel@obj0 leaves initial:Init
2016-10-30 23:58:34 EXEC TRACE - Hotel@obj0 uses transition:Initialize
2016-10-30 23:58:35 EXEC TRACE - Hotel@obj0 enters state:Receive_Customer
2016-10-30 23:58:36 EXEC TRACE - Customer@obj1 leaves initial:Init
2016-10-30 23:58:37 EXEC TRACE - Customer@obj1 uses transition:Wait
2016-10-30 23:58:39 EXEC TRACE - Customer@obj1 enters state:Waiting
2016-10-30 23:58:40 EXEC TRACE - Customer@obj2 leaves initial:Init
2016-10-30 23:58:40 EXEC TRACE - Customer@obj2 uses transition:Wait
2016-10-30 23:58:40 EXEC TRACE - Customer@obj2 enters state:Waiting
2016-10-30 23:58:40 USER  INFO - One of the customers is starting to Booking in Hotel
2016-10-30 23:58:41 EXEC TRACE - Customer@obj1 processes signal:DoReservation
2016-10-30 23:58:41 EXEC TRACE - Customer@obj1 leaves state:Waiting
2016-10-30 23:58:43 EXEC TRACE - Customer@obj1 uses transition:Reservatio
2016-10-30 23:58:44 EXEC TRACE - Customer@obj1 enters state:DoReserv
2016-10-30 23:58:46 EXEC TRACE - Customer@obj1 processes signal:DoReservation
2016-10-30 23:58:46 EXEC TRACE - Customer@obj1 leaves state:DoReserv
2016-10-30 23:58:47 EXEC TRACE - Customer@obj1 uses transition:Check
2016-10-30 23:58:48 EXEC TRACE - Customer@obj1 enters choice:Check_Place
2016-10-30 23:58:49 EXEC TRACE - Customer@obj1 leaves choice:Check_Place
2016-10-30 23:58:50 EXEC TRACE - Customer@obj1 uses transition:Book
2016-10-30 23:58:52 EXEC TRACE - Customer@obj1 enters state:Check_In
2016-10-30 23:58:53 EXEC TRACE - Customer@obj1 processes signal:DoReservation
2016-10-30 23:58:53 EXEC TRACE - Customer@obj1 leaves state:Check_In
2016-10-30 23:58:54 EXEC TRACE - Customer@obj1 uses transition:Pay
2016-10-30 23:58:55 EXEC TRACE - Customer@obj1 enters state:Payment
2016-10-30 23:58:57 EXEC TRACE - Customer@obj1 processes signal:DoReservation
2016-10-30 23:58:57 EXEC TRACE - Customer@obj1 leaves state:Payment
2016-10-30 23:58:58 EXEC TRACE - Customer@obj1 uses transition:EnterToHotel
2016-10-30 23:58:59 EXEC TRACE - Customer@obj1 enters state:Stay
2016-10-30 23:59:00 EXEC TRACE - Model executor terminated.
2016-10-30 23:59:58 SYS   INFO - txtUML Diagnostics connection is set on 54511 for service instance 0xe9566799
2016-10-30 23:59:58 EXEC TRACE - Model executor started.
2016-10-30 23:59:59 USER  INFO - Hotel and Customers are starting.
2016-10-30 23:59:59 EXEC TRACE - Hotel@obj0 leaves initial:Init
2016-10-31 00:00:00 EXEC TRACE - Hotel@obj0 uses transition:Initialize
2016-10-31 00:00:01 EXEC TRACE - Hotel@obj0 enters state:Receive_Customer
2016-10-31 00:00:02 EXEC TRACE - Customer@obj1 leaves initial:Init
2016-10-31 00:00:04 EXEC TRACE - Customer@obj1 uses transition:Wait
2016-10-31 00:00:06 EXEC TRACE - Customer@obj1 enters state:Waiting
2016-10-31 00:00:07 EXEC TRACE - Customer@obj2 leaves initial:Init
2016-10-31 00:00:07 EXEC TRACE - Customer@obj2 uses transition:Wait
2016-10-31 00:00:07 EXEC TRACE - Customer@obj2 enters state:Waiting
2016-10-31 00:00:07 USER  INFO - One of the customers is starting to Booking in Hotel
2016-10-31 00:00:07 USER  INFO - Second customer is starting to Booking in Hotel
2016-10-31 00:00:07 EXEC TRACE - Customer@obj1 processes signal:DoReservation
2016-10-31 00:00:07 EXEC TRACE - Customer@obj1 leaves state:Waiting
2016-10-31 00:00:09 EXEC TRACE - Customer@obj1 uses transition:Reservatio
2016-10-31 00:00:10 EXEC TRACE - Customer@obj1 enters state:DoReserv
2016-10-31 00:00:11 EXEC TRACE - Customer@obj1 processes signal:DoReservation
2016-10-31 00:00:11 EXEC TRACE - Customer@obj1 leaves state:DoReserv
2016-10-31 00:00:12 EXEC TRACE - Customer@obj1 uses transition:Check
2016-10-31 00:00:13 EXEC TRACE - Customer@obj1 enters choice:Check_Place
2016-10-31 00:00:15 EXEC TRACE - Customer@obj1 leaves choice:Check_Place
2016-10-31 00:00:16 EXEC TRACE - Customer@obj1 uses transition:Book
2016-10-31 00:00:17 EXEC TRACE - Customer@obj1 enters state:Check_In
2016-10-31 00:00:18 EXEC TRACE - Customer@obj1 processes signal:DoReservation
2016-10-31 00:00:18 EXEC TRACE - Customer@obj1 leaves state:Check_In
2016-10-31 00:00:19 EXEC TRACE - Customer@obj1 uses transition:Pay
2016-10-31 00:00:21 EXEC TRACE - Customer@obj1 enters state:Payment
2016-10-31 00:00:22 EXEC TRACE - Customer@obj1 processes signal:DoReservation
2016-10-31 00:00:22 EXEC TRACE - Customer@obj1 leaves state:Payment
2016-10-31 00:00:23 EXEC TRACE - Customer@obj1 uses transition:EnterToHotel
2016-10-31 00:00:25 EXEC TRACE - Customer@obj1 enters state:Stay
2016-10-31 00:00:26 EXEC TRACE - Model executor terminated.
2016-10-31 00:01:50 SYS   INFO - txtUML Diagnostics connection is set on 54552 for service instance 0xf75089a8
2016-10-31 00:01:50 EXEC TRACE - Model executor started.
2016-10-31 00:01:51 USER  INFO - Hotel and Customers are starting.
2016-10-31 00:01:51 EXEC TRACE - Hotel@obj0 leaves initial:Init
2016-10-31 00:01:52 EXEC TRACE - Hotel@obj0 uses transition:Initialize
2016-10-31 00:01:53 EXEC TRACE - Hotel@obj0 enters state:Receive_Customer
2016-10-31 00:01:54 EXEC TRACE - Customer@obj1 leaves initial:Init
2016-10-31 00:01:55 EXEC TRACE - Customer@obj1 uses transition:Wait
2016-10-31 00:01:56 EXEC TRACE - Customer@obj1 enters state:Waiting
2016-10-31 00:01:57 EXEC TRACE - Customer@obj2 leaves initial:Init
2016-10-31 00:01:58 EXEC TRACE - Customer@obj2 uses transition:Wait
2016-10-31 00:01:58 EXEC TRACE - Customer@obj2 enters state:Waiting
2016-10-31 00:01:58 EXEC TRACE - Customer@obj3 leaves initial:Init
2016-10-31 00:01:58 EXEC TRACE - Customer@obj3 uses transition:Wait
2016-10-31 00:01:58 EXEC TRACE - Customer@obj3 enters state:Waiting
2016-10-31 00:01:58 USER  INFO - One of the customers is starting to Booking in Hotel
2016-10-31 00:01:58 USER  INFO - Second customer is starting to Booking in Hotel
2016-10-31 00:01:58 EXEC TRACE - Customer@obj1 processes signal:DoReservation
2016-10-31 00:01:58 EXEC TRACE - Customer@obj1 leaves state:Waiting
2016-10-31 00:01:59 EXEC TRACE - Customer@obj1 uses transition:Reservatio
2016-10-31 00:02:00 EXEC TRACE - Customer@obj1 enters state:DoReserv
2016-10-31 00:02:02 EXEC TRACE - Customer@obj1 processes signal:DoReservation
2016-10-31 00:02:02 EXEC TRACE - Customer@obj1 leaves state:DoReserv
2016-10-31 00:02:03 EXEC TRACE - Customer@obj1 uses transition:Check
2016-10-31 00:02:04 EXEC TRACE - Customer@obj1 enters choice:Check_Place
2016-10-31 00:02:05 EXEC TRACE - Customer@obj1 leaves choice:Check_Place
2016-10-31 00:02:06 EXEC TRACE - Customer@obj1 uses transition:Book
2016-10-31 00:02:08 EXEC TRACE - Customer@obj1 enters state:Check_In
2016-10-31 00:02:09 EXEC TRACE - Customer@obj1 processes signal:DoReservation
2016-10-31 00:02:09 EXEC TRACE - Customer@obj1 leaves state:Check_In
2016-10-31 00:02:10 EXEC TRACE - Customer@obj1 uses transition:Pay
2016-10-31 00:02:11 EXEC TRACE - Customer@obj1 enters state:Payment
2016-10-31 00:02:12 EXEC TRACE - Customer@obj1 processes signal:DoReservation
2016-10-31 00:02:12 EXEC TRACE - Customer@obj1 leaves state:Payment
2016-10-31 00:02:13 EXEC TRACE - Customer@obj1 uses transition:EnterToHotel
2016-10-31 00:02:15 EXEC TRACE - Customer@obj1 enters state:Stay
2016-10-31 00:02:16 EXEC TRACE - Customer@obj1 processes signal:DoReservation
2016-10-31 00:02:16 EXEC TRACE - Customer@obj1 leaves state:Stay
2016-10-31 00:02:17 EXEC TRACE - Customer@obj1 uses transition:Verify_Date
2016-10-31 00:02:18 EXEC TRACE - Customer@obj1 enters choice:Check_Date
2016-10-31 00:02:19 EXEC TRACE - Customer@obj1 leaves choice:Check_Date
2016-10-31 00:02:20 EXEC TRACE - Customer@obj1 uses transition:Back_Stay
2016-10-31 00:02:22 EXEC TRACE - Customer@obj1 enters state:Stay
2016-10-31 00:02:23 EXEC TRACE - Customer@obj1 processes signal:DoReservation
2016-10-31 00:02:23 EXEC TRACE - Customer@obj1 leaves state:Stay
2016-10-31 00:02:24 EXEC TRACE - Customer@obj1 uses transition:Verify_Date
2016-10-31 00:02:25 EXEC TRACE - Customer@obj1 enters choice:Check_Date
2016-10-31 00:02:26 EXEC TRACE - Customer@obj1 leaves choice:Check_Date
2016-10-31 00:02:27 EXEC TRACE - Customer@obj1 uses transition:Back_Stay
2016-10-31 00:02:28 EXEC TRACE - Customer@obj1 enters state:Stay
2016-10-31 00:02:30 EXEC TRACE - Model executor terminated.
2016-10-31 00:04:33 SYS   INFO - txtUML Diagnostics connection is set on 54611 for service instance 0x23b4f558
2016-10-31 00:04:33 EXEC TRACE - Model executor started.
2016-10-31 00:04:33 USER  INFO - Hotel and Customers are starting.
2016-10-31 00:04:33 EXEC TRACE - Hotel@obj0 leaves initial:Init
2016-10-31 00:04:35 EXEC TRACE - Hotel@obj0 uses transition:Initialize
2016-10-31 00:04:36 EXEC TRACE - Hotel@obj0 enters state:Receive_Customer
2016-10-31 00:04:37 EXEC TRACE - Customer@obj1 leaves initial:Init
2016-10-31 00:04:38 EXEC TRACE - Customer@obj1 uses transition:Wait
2016-10-31 00:04:39 EXEC TRACE - Customer@obj1 enters state:Waiting
2016-10-31 00:04:40 EXEC TRACE - Customer@obj2 leaves initial:Init
2016-10-31 00:04:40 EXEC TRACE - Customer@obj2 uses transition:Wait
2016-10-31 00:04:40 EXEC TRACE - Customer@obj2 enters state:Waiting
2016-10-31 00:04:40 EXEC TRACE - Customer@obj3 leaves initial:Init
2016-10-31 00:04:40 EXEC TRACE - Customer@obj3 uses transition:Wait
2016-10-31 00:04:40 EXEC TRACE - Customer@obj3 enters state:Waiting
2016-10-31 00:04:40 EXEC TRACE - Customer@obj4 leaves initial:Init
2016-10-31 00:04:40 EXEC TRACE - Customer@obj4 uses transition:Wait
2016-10-31 00:04:41 EXEC TRACE - Customer@obj4 enters state:Waiting
2016-10-31 00:04:41 USER  INFO - One of the customers is starting to Booking in Hotel
2016-10-31 00:04:41 USER  INFO - Second customer is starting to Booking in Hotel
2016-10-31 00:04:41 EXEC TRACE - Customer@obj1 processes signal:DoReservation
2016-10-31 00:04:41 EXEC TRACE - Customer@obj1 leaves state:Waiting
2016-10-31 00:04:42 EXEC TRACE - Customer@obj1 uses transition:Reservatio
2016-10-31 00:04:43 EXEC TRACE - Customer@obj1 enters state:DoReserv
2016-10-31 00:04:44 EXEC TRACE - Customer@obj1 processes signal:DoReservation
2016-10-31 00:04:44 EXEC TRACE - Customer@obj1 leaves state:DoReserv
2016-10-31 00:04:46 EXEC TRACE - Customer@obj1 uses transition:Check
2016-10-31 00:04:47 EXEC TRACE - Customer@obj1 enters choice:Check_Place
2016-10-31 00:04:48 EXEC TRACE - Customer@obj1 leaves choice:Check_Place
2016-10-31 00:04:49 EXEC TRACE - Customer@obj1 uses transition:Book
2016-10-31 00:04:50 EXEC TRACE - Customer@obj1 enters state:Check_In
2016-10-31 00:04:52 EXEC TRACE - Customer@obj1 processes signal:DoReservation
2016-10-31 00:04:52 EXEC TRACE - Customer@obj1 leaves state:Check_In
2016-10-31 00:04:53 EXEC TRACE - Customer@obj1 uses transition:Pay
2016-10-31 00:04:54 EXEC TRACE - Customer@obj1 enters state:Payment
2016-10-31 00:04:55 EXEC TRACE - Customer@obj1 processes signal:DoReservation
2016-10-31 00:04:55 EXEC TRACE - Customer@obj1 leaves state:Payment
2016-10-31 00:04:56 EXEC TRACE - Customer@obj1 uses transition:EnterToHotel
2016-10-31 00:04:57 EXEC TRACE - Customer@obj1 enters state:Stay
2016-10-31 00:04:58 EXEC TRACE - Customer@obj1 processes signal:DoReservation
2016-10-31 00:04:58 EXEC TRACE - Customer@obj1 leaves state:Stay
2016-10-31 00:05:00 EXEC TRACE - Customer@obj1 uses transition:Verify_Date
2016-10-31 00:05:01 EXEC TRACE - Customer@obj1 enters choice:Check_Date
2016-10-31 00:05:02 EXEC TRACE - Customer@obj1 leaves choice:Check_Date
2016-10-31 00:05:03 EXEC TRACE - Customer@obj1 uses transition:Back_Stay
2016-10-31 00:05:04 EXEC TRACE - Customer@obj1 enters state:Stay
2016-10-31 00:05:05 EXEC TRACE - Customer@obj1 processes signal:DoReservation
2016-10-31 00:05:05 EXEC TRACE - Customer@obj1 leaves state:Stay
2016-10-31 00:05:07 EXEC TRACE - Customer@obj1 uses transition:Verify_Date
2016-10-31 00:05:08 EXEC TRACE - Customer@obj1 enters choice:Check_Date
2016-10-31 00:05:09 EXEC TRACE - Customer@obj1 leaves choice:Check_Date
2016-10-31 00:05:10 EXEC TRACE - Customer@obj1 uses transition:Back_Stay
2016-10-31 00:05:11 EXEC TRACE - Customer@obj1 enters state:Stay
2016-10-31 00:05:12 EXEC TRACE - Customer@obj1 processes signal:DoReservation
2016-10-31 00:05:12 EXEC TRACE - Customer@obj1 leaves state:Stay
2016-10-31 00:05:14 EXEC TRACE - Customer@obj1 uses transition:Verify_Date
2016-10-31 00:05:15 EXEC TRACE - Customer@obj1 enters choice:Check_Date
2016-10-31 00:05:16 EXEC TRACE - Customer@obj1 leaves choice:Check_Date
2016-10-31 00:05:18 EXEC TRACE - Customer@obj1 uses transition:Back_Stay
2016-10-31 00:05:19 EXEC TRACE - Customer@obj1 enters state:Stay
2016-10-31 00:05:20 EXEC TRACE - Customer@obj1 processes signal:DoReservation
2016-10-31 00:05:20 EXEC TRACE - Customer@obj1 leaves state:Stay
2016-10-31 00:05:21 EXEC TRACE - Customer@obj1 uses transition:Verify_Date
2016-10-31 00:05:23 EXEC TRACE - Customer@obj1 enters choice:Check_Date
2016-10-31 00:05:24 EXEC TRACE - Customer@obj1 leaves choice:Check_Date
2016-10-31 00:05:25 EXEC TRACE - Customer@obj1 uses transition:Back_Stay
2016-10-31 00:05:26 EXEC TRACE - Customer@obj1 enters state:Stay
2016-10-31 00:05:27 EXEC TRACE - Model executor terminated.
2016-10-31 00:07:33 SYS   INFO - txtUML Diagnostics connection is set on 54687 for service instance 0xaa6f4513
2016-10-31 00:07:33 EXEC TRACE - Model executor started.
2016-10-31 00:07:33 USER  INFO - Hotel and Customers are starting.
2016-10-31 00:07:33 EXEC TRACE - Hotel@obj0 leaves initial:Init
2016-10-31 00:07:34 EXEC TRACE - Hotel@obj0 uses transition:Initialize
2016-10-31 00:07:36 EXEC TRACE - Hotel@obj0 enters state:Receive_Customer
2016-10-31 00:07:37 EXEC TRACE - Customer@obj1 leaves initial:Init
2016-10-31 00:07:39 EXEC TRACE - Customer@obj1 uses transition:Wait
2016-10-31 00:07:40 EXEC TRACE - Customer@obj1 enters state:Waiting
2016-10-31 00:07:41 EXEC TRACE - Customer@obj2 leaves initial:Init
2016-10-31 00:07:41 EXEC TRACE - Customer@obj2 uses transition:Wait
2016-10-31 00:07:41 EXEC TRACE - Customer@obj2 enters state:Waiting
2016-10-31 00:07:42 EXEC TRACE - Customer@obj3 leaves initial:Init
2016-10-31 00:07:42 EXEC TRACE - Customer@obj3 uses transition:Wait
2016-10-31 00:07:42 EXEC TRACE - Customer@obj3 enters state:Waiting
2016-10-31 00:07:42 EXEC TRACE - Customer@obj4 leaves initial:Init
2016-10-31 00:07:42 EXEC TRACE - Customer@obj4 uses transition:Wait
2016-10-31 00:07:42 EXEC TRACE - Customer@obj4 enters state:Waiting
2016-10-31 00:07:42 USER  INFO - One of the customers is starting to Booking in Hotel
2016-10-31 00:07:42 USER  INFO - Second customer is starting to Booking in Hotel
2016-10-31 00:07:42 EXEC TRACE - Customer@obj1 processes signal:DoReservation
2016-10-31 00:07:42 EXEC TRACE - Customer@obj1 leaves state:Waiting
2016-10-31 00:07:43 EXEC TRACE - Customer@obj1 uses transition:Reservatio
2016-10-31 00:07:45 EXEC TRACE - Customer@obj1 enters state:DoReserv
2016-10-31 00:07:46 EXEC TRACE - Customer@obj1 processes signal:DoReservation
2016-10-31 00:07:46 EXEC TRACE - Customer@obj1 leaves state:DoReserv
2016-10-31 00:07:47 EXEC TRACE - Customer@obj1 uses transition:Check
2016-10-31 00:07:48 EXEC TRACE - Customer@obj1 enters choice:Check_Place
2016-10-31 00:07:50 EXEC TRACE - Customer@obj1 leaves choice:Check_Place
2016-10-31 00:07:51 EXEC TRACE - Customer@obj1 uses transition:Book
2016-10-31 00:07:52 EXEC TRACE - Customer@obj1 enters state:Check_In
2016-10-31 00:07:53 EXEC TRACE - Customer@obj1 processes signal:DoReservation
2016-10-31 00:07:53 EXEC TRACE - Customer@obj1 leaves state:Check_In
2016-10-31 00:07:55 EXEC TRACE - Customer@obj1 uses transition:Pay
2016-10-31 00:07:56 EXEC TRACE - Customer@obj1 enters state:Payment
2016-10-31 00:07:57 EXEC TRACE - Customer@obj1 processes signal:OnBooking
2016-10-31 00:07:57 EXEC  WARN - A signal arrived to model object Customer@obj1 but it was not processed by the object's state machine. The signal was: signal:OnBooking
2016-10-31 00:07:57 EXEC TRACE - Customer@obj1 processes signal:DoReservation
2016-10-31 00:07:57 EXEC TRACE - Customer@obj1 leaves state:Payment
2016-10-31 00:07:58 EXEC TRACE - Customer@obj1 uses transition:EnterToHotel
2016-10-31 00:07:59 EXEC TRACE - Customer@obj1 enters state:Stay
2016-10-31 00:08:01 EXEC TRACE - Customer@obj1 processes signal:DoReservation
2016-10-31 00:08:01 EXEC TRACE - Customer@obj1 leaves state:Stay
2016-10-31 00:08:02 EXEC TRACE - Customer@obj1 uses transition:Verify_Date
2016-10-31 00:08:03 EXEC TRACE - Customer@obj1 enters choice:Check_Date
2016-10-31 00:08:04 EXEC TRACE - Customer@obj1 leaves choice:Check_Date
2016-10-31 00:08:05 EXEC TRACE - Customer@obj1 uses transition:Back_Stay
2016-10-31 00:08:07 EXEC TRACE - Customer@obj1 enters state:Stay
2016-10-31 00:08:08 EXEC TRACE - Customer@obj1 processes signal:DoReservation
2016-10-31 00:08:08 EXEC TRACE - Customer@obj1 leaves state:Stay
2016-10-31 00:08:09 EXEC TRACE - Customer@obj1 uses transition:Verify_Date
2016-10-31 00:08:10 EXEC TRACE - Customer@obj1 enters choice:Check_Date
2016-10-31 00:08:11 EXEC TRACE - Customer@obj1 leaves choice:Check_Date
2016-10-31 00:08:12 EXEC TRACE - Customer@obj1 uses transition:Back_Stay
2016-10-31 00:08:13 EXEC TRACE - Customer@obj1 enters state:Stay
2016-10-31 00:08:14 EXEC TRACE - Customer@obj1 processes signal:OnBooking
2016-10-31 00:08:15 EXEC  WARN - A signal arrived to model object Customer@obj1 but it was not processed by the object's state machine. The signal was: signal:OnBooking
2016-10-31 00:08:15 EXEC TRACE - Model executor terminated.
2016-10-31 00:10:34 SYS   INFO - txtUML Diagnostics connection is set on 54768 for service instance 0xf4c42fd5
2016-10-31 00:10:34 EXEC TRACE - Model executor started.
2016-10-31 00:10:34 USER  INFO - Hotel and Customers are starting.
2016-10-31 00:10:34 EXEC TRACE - Hotel@obj0 leaves initial:Init
2016-10-31 00:10:35 EXEC TRACE - Hotel@obj0 uses transition:Initialize
2016-10-31 00:10:37 EXEC TRACE - Hotel@obj0 enters state:Receive_Customer
2016-10-31 00:10:38 EXEC TRACE - Customer@obj1 leaves initial:Init
2016-10-31 00:10:39 EXEC TRACE - Customer@obj1 uses transition:Wait
2016-10-31 00:10:40 EXEC TRACE - Customer@obj1 enters state:Waiting
2016-10-31 00:10:41 EXEC TRACE - Customer@obj2 leaves initial:Init
2016-10-31 00:10:41 EXEC TRACE - Customer@obj2 uses transition:Wait
2016-10-31 00:10:41 EXEC TRACE - Customer@obj2 enters state:Waiting
2016-10-31 00:10:41 EXEC TRACE - Customer@obj3 leaves initial:Init
2016-10-31 00:10:41 EXEC TRACE - Customer@obj3 uses transition:Wait
2016-10-31 00:10:41 EXEC TRACE - Customer@obj3 enters state:Waiting
2016-10-31 00:10:41 EXEC TRACE - Customer@obj4 leaves initial:Init
2016-10-31 00:10:42 EXEC TRACE - Customer@obj4 uses transition:Wait
2016-10-31 00:10:42 EXEC TRACE - Customer@obj4 enters state:Waiting
2016-10-31 00:10:42 USER  INFO - One of the customers is starting to Booking in Hotel
2016-10-31 00:10:42 USER  INFO - Second customer is starting to Booking in Hotel
2016-10-31 00:10:42 USER  INFO - Second customer is starting to Booking in Hotel
2016-10-31 00:10:42 USER  INFO - Second customer is starting to Booking in Hotel
2016-10-31 00:10:42 EXEC TRACE - Customer@obj1 processes signal:DoReservation
2016-10-31 00:10:42 EXEC TRACE - Customer@obj1 leaves state:Waiting
2016-10-31 00:10:43 EXEC TRACE - Customer@obj1 uses transition:Reservatio
2016-10-31 00:10:44 EXEC TRACE - Customer@obj1 enters state:DoReserv
2016-10-31 00:10:46 EXEC TRACE - Customer@obj1 processes signal:DoReservation
2016-10-31 00:10:46 EXEC TRACE - Customer@obj1 leaves state:DoReserv
2016-10-31 00:10:47 EXEC TRACE - Customer@obj1 uses transition:Check
2016-10-31 00:10:48 EXEC TRACE - Customer@obj1 enters choice:Check_Place
2016-10-31 00:10:49 EXEC TRACE - Customer@obj1 leaves choice:Check_Place
2016-10-31 00:10:50 EXEC TRACE - Customer@obj1 uses transition:Book
2016-10-31 00:10:51 EXEC TRACE - Customer@obj1 enters state:Check_In
2016-10-31 00:10:52 EXEC TRACE - Customer@obj1 processes signal:DoReservation
2016-10-31 00:10:52 EXEC TRACE - Customer@obj1 leaves state:Check_In
2016-10-31 00:10:54 EXEC TRACE - Customer@obj1 uses transition:Pay
2016-10-31 00:10:55 EXEC TRACE - Customer@obj1 enters state:Payment
2016-10-31 00:10:56 EXEC TRACE - Customer@obj1 processes signal:OnBooking
2016-10-31 00:10:56 EXEC  WARN - A signal arrived to model object Customer@obj1 but it was not processed by the object's state machine. The signal was: signal:OnBooking
2016-10-31 00:10:56 EXEC TRACE - Customer@obj1 processes signal:DoReservation
2016-10-31 00:10:56 EXEC TRACE - Customer@obj1 leaves state:Payment
2016-10-31 00:10:57 EXEC TRACE - Customer@obj1 uses transition:EnterToHotel
2016-10-31 00:10:58 EXEC TRACE - Customer@obj1 enters state:Stay
2016-10-31 00:11:00 EXEC TRACE - Customer@obj1 processes signal:DoReservation
2016-10-31 00:11:00 EXEC TRACE - Customer@obj1 leaves state:Stay
2016-10-31 00:11:01 EXEC TRACE - Customer@obj1 uses transition:Verify_Date
2016-10-31 00:11:02 EXEC TRACE - Customer@obj1 enters choice:Check_Date
2016-10-31 00:11:03 EXEC TRACE - Customer@obj1 leaves choice:Check_Date
2016-10-31 00:11:04 EXEC TRACE - Customer@obj1 uses transition:Back_Stay
2016-10-31 00:11:05 EXEC TRACE - Customer@obj1 enters state:Stay
2016-10-31 00:11:07 EXEC TRACE - Customer@obj1 processes signal:DoReservation
2016-10-31 00:11:07 EXEC TRACE - Customer@obj1 leaves state:Stay
2016-10-31 00:11:08 EXEC TRACE - Customer@obj1 uses transition:Verify_Date
2016-10-31 00:11:09 EXEC TRACE - Customer@obj1 enters choice:Check_Date
2016-10-31 00:11:10 EXEC TRACE - Customer@obj1 leaves choice:Check_Date
2016-10-31 00:11:11 EXEC TRACE - Customer@obj1 uses transition:Back_Stay
2016-10-31 00:11:12 EXEC TRACE - Customer@obj1 enters state:Stay
2016-10-31 00:11:13 EXEC TRACE - Customer@obj1 processes signal:OnBooking
2016-10-31 00:11:13 EXEC  WARN - A signal arrived to model object Customer@obj1 but it was not processed by the object's state machine. The signal was: signal:OnBooking
2016-10-31 00:11:13 EXEC TRACE - Model executor terminated.
2016-10-31 00:11:56 SYS   INFO - txtUML Diagnostics connection is set on 54834 for service instance 0xa9391d4f
2016-10-31 00:11:56 EXEC TRACE - Model executor started.
2016-10-31 00:11:57 USER  INFO - Hotel and Customers are starting.
2016-10-31 00:11:57 EXEC TRACE - Hotel@obj0 leaves initial:Init
2016-10-31 00:11:58 EXEC TRACE - Hotel@obj0 uses transition:Initialize
2016-10-31 00:11:59 EXEC TRACE - Hotel@obj0 enters state:Receive_Customer
2016-10-31 00:12:00 EXEC TRACE - Customer@obj1 leaves initial:Init
2016-10-31 00:12:02 EXEC TRACE - Customer@obj1 uses transition:Wait
2016-10-31 00:12:03 EXEC TRACE - Customer@obj1 enters state:Waiting
2016-10-31 00:12:04 EXEC TRACE - Customer@obj2 leaves initial:Init
2016-10-31 00:12:04 EXEC TRACE - Customer@obj2 uses transition:Wait
2016-10-31 00:12:04 EXEC TRACE - Customer@obj2 enters state:Waiting
2016-10-31 00:12:05 EXEC TRACE - Customer@obj3 leaves initial:Init
2016-10-31 00:12:05 EXEC TRACE - Customer@obj3 uses transition:Wait
2016-10-31 00:12:05 EXEC TRACE - Customer@obj3 enters state:Waiting
2016-10-31 00:12:05 EXEC TRACE - Customer@obj4 leaves initial:Init
2016-10-31 00:12:05 EXEC TRACE - Customer@obj4 uses transition:Wait
2016-10-31 00:12:05 EXEC TRACE - Customer@obj4 enters state:Waiting
2016-10-31 00:12:05 USER  INFO - One of the customers is starting to Booking in Hotel
2016-10-31 00:12:05 USER  INFO - Second customer is starting to Booking in Hotel
2016-10-31 00:12:05 USER  INFO - Second customer is starting to Booking in Hotel
2016-10-31 00:12:05 USER  INFO - Second customer is starting to Booking in Hotel
2016-10-31 00:12:05 EXEC TRACE - Customer@obj1 processes signal:DoReservation
2016-10-31 00:12:05 EXEC TRACE - Customer@obj1 leaves state:Waiting
2016-10-31 00:12:06 EXEC TRACE - Customer@obj1 uses transition:Reservatio
2016-10-31 00:12:07 EXEC TRACE - Customer@obj1 enters state:DoReserv
2016-10-31 00:12:09 EXEC TRACE - Customer@obj1 processes signal:DoReservation
2016-10-31 00:12:09 EXEC TRACE - Customer@obj1 leaves state:DoReserv
2016-10-31 00:12:10 EXEC TRACE - Customer@obj1 uses transition:Check
2016-10-31 00:12:11 EXEC TRACE - Customer@obj1 enters choice:Check_Place
2016-10-31 00:12:13 EXEC TRACE - Customer@obj1 leaves choice:Check_Place
2016-10-31 00:12:14 EXEC TRACE - Customer@obj1 uses transition:Book
2016-10-31 00:12:15 EXEC TRACE - Customer@obj1 enters state:Check_In
2016-10-31 00:12:16 EXEC TRACE - Customer@obj1 processes signal:DoReservation
2016-10-31 00:12:16 EXEC TRACE - Customer@obj1 leaves state:Check_In
2016-10-31 00:12:17 EXEC TRACE - Customer@obj1 uses transition:Pay
2016-10-31 00:12:18 EXEC TRACE - Customer@obj1 enters state:Payment
2016-10-31 00:12:19 EXEC TRACE - Customer@obj1 processes signal:DoReservation
2016-10-31 00:12:19 EXEC TRACE - Customer@obj1 leaves state:Payment
2016-10-31 00:12:20 EXEC TRACE - Customer@obj1 uses transition:EnterToHotel
2016-10-31 00:12:21 EXEC TRACE - Customer@obj1 enters state:Stay
2016-10-31 00:12:23 EXEC TRACE - Customer@obj1 processes signal:DoReservation
2016-10-31 00:12:23 EXEC TRACE - Customer@obj1 leaves state:Stay
2016-10-31 00:12:24 EXEC TRACE - Customer@obj1 uses transition:Verify_Date
2016-10-31 00:12:25 EXEC TRACE - Customer@obj1 enters choice:Check_Date
2016-10-31 00:12:27 EXEC TRACE - Customer@obj1 leaves choice:Check_Date
2016-10-31 00:12:28 EXEC TRACE - Customer@obj1 uses transition:Back_Stay
2016-10-31 00:12:29 EXEC TRACE - Customer@obj1 enters state:Stay
2016-10-31 00:12:30 EXEC TRACE - Customer@obj1 processes signal:DoReservation
2016-10-31 00:12:30 EXEC TRACE - Customer@obj1 leaves state:Stay
2016-10-31 00:12:31 EXEC TRACE - Customer@obj1 uses transition:Verify_Date
2016-10-31 00:12:32 EXEC TRACE - Customer@obj1 enters choice:Check_Date
2016-10-31 00:12:34 EXEC TRACE - Customer@obj1 leaves choice:Check_Date
2016-10-31 00:12:35 EXEC TRACE - Customer@obj1 uses transition:Back_Stay
2016-10-31 00:12:36 EXEC TRACE - Customer@obj1 enters state:Stay
2016-10-31 00:12:37 EXEC TRACE - Customer@obj1 processes signal:DoReservation
2016-10-31 00:12:37 EXEC TRACE - Customer@obj1 leaves state:Stay
2016-10-31 00:12:38 EXEC TRACE - Customer@obj1 uses transition:Verify_Date
2016-10-31 00:12:40 EXEC TRACE - Customer@obj1 enters choice:Check_Date
2016-10-31 00:12:41 EXEC TRACE - Customer@obj1 leaves choice:Check_Date
2016-10-31 00:12:42 EXEC TRACE - Customer@obj1 uses transition:Back_Stay
2016-10-31 00:12:43 EXEC TRACE - Customer@obj1 enters state:Stay
2016-10-31 00:12:44 EXEC TRACE - Customer@obj1 processes signal:DoReservation
2016-10-31 00:12:44 EXEC TRACE - Customer@obj1 leaves state:Stay
2016-10-31 00:12:45 EXEC TRACE - Customer@obj1 uses transition:Verify_Date
2016-10-31 00:12:46 EXEC TRACE - Customer@obj1 enters choice:Check_Date
2016-10-31 00:12:48 EXEC TRACE - Customer@obj1 leaves choice:Check_Date
2016-10-31 00:12:49 EXEC TRACE - Customer@obj1 uses transition:Back_Stay
2016-10-31 00:12:50 EXEC TRACE - Customer@obj1 enters state:Stay
2016-10-31 00:12:51 EXEC TRACE - Model executor terminated.
2016-10-31 00:14:29 SYS   INFO - txtUML Diagnostics connection is set on 54910 for service instance 0xd0e0169a
2016-10-31 00:14:29 EXEC TRACE - Model executor started.
2016-10-31 00:14:29 USER  INFO - Hotel and Customers are starting.
2016-10-31 00:14:29 EXEC TRACE - Hotel@obj0 leaves initial:Init
2016-10-31 00:14:30 EXEC TRACE - Hotel@obj0 uses transition:Initialize
2016-10-31 00:14:32 EXEC TRACE - Hotel@obj0 enters state:Receive_Customer
2016-10-31 00:14:33 EXEC TRACE - Customer@obj1 leaves initial:Init
2016-10-31 00:14:34 EXEC TRACE - Customer@obj1 uses transition:Wait
2016-10-31 00:14:35 EXEC TRACE - Customer@obj1 enters state:Waiting
2016-10-31 00:14:37 EXEC TRACE - Customer@obj2 leaves initial:Init
2016-10-31 00:14:37 EXEC TRACE - Customer@obj2 uses transition:Wait
2016-10-31 00:14:37 EXEC TRACE - Customer@obj2 enters state:Waiting
2016-10-31 00:14:37 EXEC TRACE - Customer@obj3 leaves initial:Init
2016-10-31 00:14:37 EXEC TRACE - Customer@obj3 uses transition:Wait
2016-10-31 00:14:37 EXEC TRACE - Customer@obj3 enters state:Waiting
2016-10-31 00:14:37 EXEC TRACE - Customer@obj4 leaves initial:Init
2016-10-31 00:14:37 EXEC TRACE - Customer@obj4 uses transition:Wait
2016-10-31 00:14:37 EXEC TRACE - Customer@obj4 enters state:Waiting
2016-10-31 00:14:37 USER  INFO - One of the customers is starting to Booking in Hotel
2016-10-31 00:14:37 USER  INFO - Second customer is starting to Booking in Hotel
2016-10-31 00:14:37 USER  INFO - Second customer is starting to Booking in Hotel
2016-10-31 00:14:37 USER  INFO - Second customer is starting to Booking in Hotel
2016-10-31 00:14:37 EXEC TRACE - Customer@obj1 processes signal:DoReservation
2016-10-31 00:14:37 EXEC TRACE - Customer@obj1 leaves state:Waiting
2016-10-31 00:14:38 EXEC TRACE - Customer@obj1 uses transition:Reservatio
2016-10-31 00:14:39 EXEC TRACE - Customer@obj1 enters state:DoReserv
2016-10-31 00:14:40 EXEC TRACE - Customer@obj1 processes signal:DoReservation
2016-10-31 00:14:40 EXEC TRACE - Customer@obj1 leaves state:DoReserv
2016-10-31 00:14:42 EXEC TRACE - Customer@obj1 uses transition:Check
2016-10-31 00:14:43 EXEC TRACE - Customer@obj1 enters choice:Check_Place
2016-10-31 00:14:44 EXEC TRACE - Customer@obj1 leaves choice:Check_Place
2016-10-31 00:14:45 EXEC TRACE - Customer@obj1 uses transition:Book
2016-10-31 00:14:46 EXEC TRACE - Customer@obj1 enters state:Check_In
2016-10-31 00:14:47 EXEC TRACE - Customer@obj1 processes signal:DoReservation
2016-10-31 00:14:47 EXEC TRACE - Customer@obj1 leaves state:Check_In
2016-10-31 00:14:48 EXEC TRACE - Customer@obj1 uses transition:Pay
2016-10-31 00:14:50 EXEC TRACE - Customer@obj1 enters state:Payment
2016-10-31 00:14:51 EXEC TRACE - Customer@obj1 processes signal:DoReservation
2016-10-31 00:14:51 EXEC TRACE - Customer@obj1 leaves state:Payment
2016-10-31 00:14:52 EXEC TRACE - Customer@obj1 uses transition:EnterToHotel
2016-10-31 00:14:53 EXEC TRACE - Customer@obj1 enters state:Stay
2016-10-31 00:14:55 EXEC TRACE - Customer@obj1 processes signal:DoReservation
2016-10-31 00:14:55 EXEC TRACE - Customer@obj1 leaves state:Stay
2016-10-31 00:14:56 EXEC TRACE - Customer@obj1 uses transition:Verify_Date
2016-10-31 00:14:57 EXEC TRACE - Customer@obj1 enters choice:Check_Date
2016-10-31 00:14:58 EXEC TRACE - Customer@obj1 leaves choice:Check_Date
2016-10-31 00:14:59 EXEC TRACE - Customer@obj1 uses transition:Back_Stay
2016-10-31 00:15:00 EXEC TRACE - Customer@obj1 enters state:Stay
2016-10-31 00:15:02 EXEC TRACE - Customer@obj1 processes signal:DoReservation
2016-10-31 00:15:02 EXEC TRACE - Customer@obj1 leaves state:Stay
2016-10-31 00:15:03 EXEC TRACE - Customer@obj1 uses transition:Verify_Date
2016-10-31 00:15:04 EXEC TRACE - Customer@obj1 enters choice:Check_Date
2016-10-31 00:15:05 EXEC TRACE - Customer@obj1 leaves choice:Check_Date
2016-10-31 00:15:06 EXEC TRACE - Customer@obj1 uses transition:Back_Stay
2016-10-31 00:15:07 EXEC TRACE - Customer@obj1 enters state:Stay
2016-10-31 00:15:08 EXEC TRACE - Customer@obj1 processes signal:DoReservation
2016-10-31 00:15:08 EXEC TRACE - Customer@obj1 leaves state:Stay
2016-10-31 00:15:10 EXEC TRACE - Customer@obj1 uses transition:Verify_Date
2016-10-31 00:15:11 EXEC TRACE - Customer@obj1 enters choice:Check_Date
2016-10-31 00:15:12 EXEC TRACE - Customer@obj1 leaves choice:Check_Date
2016-10-31 00:15:13 EXEC TRACE - Customer@obj1 uses transition:Back_Stay
2016-10-31 00:15:14 EXEC TRACE - Customer@obj1 enters state:Stay
2016-10-31 00:15:16 EXEC TRACE - Customer@obj1 processes signal:DoReservation
2016-10-31 00:15:16 EXEC TRACE - Customer@obj1 leaves state:Stay
2016-10-31 00:15:17 EXEC TRACE - Customer@obj1 uses transition:Verify_Date
2016-10-31 00:15:18 EXEC TRACE - Customer@obj1 enters choice:Check_Date
2016-10-31 00:15:19 EXEC TRACE - Customer@obj1 leaves choice:Check_Date
2016-10-31 00:15:21 EXEC TRACE - Customer@obj1 uses transition:Back_Stay
2016-10-31 00:15:22 EXEC TRACE - Customer@obj1 enters state:Stay
2016-10-31 00:15:23 EXEC TRACE - Model executor terminated.
2016-10-31 00:18:38 SYS   INFO - txtUML Diagnostics connection is set on 55012 for service instance 0xacbcfa81
2016-10-31 00:18:38 EXEC TRACE - Model executor started.
2016-10-31 00:18:38 USER  INFO - Hotel and Customers are starting.
2016-10-31 00:18:38 EXEC TRACE - Hotel@obj0 leaves initial:Init
2016-10-31 00:18:39 EXEC TRACE - Hotel@obj0 uses transition:Initialize
2016-10-31 00:18:40 EXEC TRACE - Hotel@obj0 enters state:Receive_Customer
2016-10-31 00:18:41 EXEC TRACE - Customer@obj1 leaves initial:Init
2016-10-31 00:18:43 EXEC TRACE - Customer@obj1 uses transition:Wait
2016-10-31 00:18:44 EXEC TRACE - Customer@obj1 enters state:Waiting
2016-10-31 00:18:45 EXEC TRACE - Customer@obj2 leaves initial:Init
2016-10-31 00:18:45 EXEC TRACE - Customer@obj2 uses transition:Wait
2016-10-31 00:18:45 EXEC TRACE - Customer@obj2 enters state:Waiting
2016-10-31 00:18:45 EXEC TRACE - Customer@obj3 leaves initial:Init
2016-10-31 00:18:45 EXEC TRACE - Customer@obj3 uses transition:Wait
2016-10-31 00:18:45 EXEC TRACE - Customer@obj3 enters state:Waiting
2016-10-31 00:18:45 EXEC TRACE - Customer@obj4 leaves initial:Init
2016-10-31 00:18:45 EXEC TRACE - Customer@obj4 uses transition:Wait
2016-10-31 00:18:45 EXEC TRACE - Customer@obj4 enters state:Waiting
2016-10-31 00:18:45 USER  INFO - One of the customers is starting to Booking in Hotel
2016-10-31 00:18:45 USER  INFO - Second customer is starting to Booking in Hotel
2016-10-31 00:18:45 USER  INFO - Second customer is starting to Booking in Hotel
2016-10-31 00:18:45 USER  INFO - Second customer is starting to Booking in Hotel
2016-10-31 00:18:45 EXEC TRACE - Customer@obj1 processes signal:DoReservation
2016-10-31 00:18:45 EXEC TRACE - Customer@obj1 leaves state:Waiting
2016-10-31 00:18:46 EXEC TRACE - Customer@obj1 uses transition:Reservatio
2016-10-31 00:18:47 EXEC TRACE - Customer@obj1 enters state:DoReserv
2016-10-31 00:18:49 EXEC TRACE - Customer@obj1 processes signal:DoReservation
2016-10-31 00:18:49 EXEC TRACE - Customer@obj1 leaves state:DoReserv
2016-10-31 00:18:50 EXEC TRACE - Customer@obj1 uses transition:Check
2016-10-31 00:18:51 EXEC TRACE - Customer@obj1 enters choice:Check_Place
2016-10-31 00:18:53 EXEC TRACE - Customer@obj1 leaves choice:Check_Place
2016-10-31 00:18:54 EXEC TRACE - Customer@obj1 uses transition:Book
2016-10-31 00:18:55 EXEC TRACE - Customer@obj1 enters state:Check_In
2016-10-31 00:18:56 EXEC TRACE - Customer@obj1 processes signal:DoReservation
2016-10-31 00:18:56 EXEC TRACE - Customer@obj1 leaves state:Check_In
2016-10-31 00:18:57 EXEC TRACE - Customer@obj1 uses transition:Pay
2016-10-31 00:18:59 EXEC TRACE - Customer@obj1 enters state:Payment
2016-10-31 00:19:00 EXEC TRACE - Customer@obj1 processes signal:DoReservation
2016-10-31 00:19:00 EXEC TRACE - Customer@obj1 leaves state:Payment
2016-10-31 00:19:01 EXEC TRACE - Customer@obj1 uses transition:EnterToHotel
2016-10-31 00:19:02 EXEC TRACE - Customer@obj1 enters state:Stay
2016-10-31 00:19:03 EXEC TRACE - Customer@obj1 processes signal:DoReservation
2016-10-31 00:19:03 EXEC TRACE - Customer@obj1 leaves state:Stay
2016-10-31 00:19:05 EXEC TRACE - Customer@obj1 uses transition:Verify_Date
2016-10-31 00:19:06 EXEC TRACE - Customer@obj1 enters choice:Check_Date
2016-10-31 00:19:07 EXEC TRACE - Customer@obj1 leaves choice:Check_Date
2016-10-31 00:19:08 EXEC TRACE - Customer@obj1 uses transition:Back_Stay
2016-10-31 00:19:10 EXEC TRACE - Customer@obj1 enters state:Stay
2016-10-31 00:19:11 EXEC TRACE - Customer@obj1 processes signal:DoReservation
2016-10-31 00:19:11 EXEC TRACE - Customer@obj1 leaves state:Stay
2016-10-31 00:19:12 EXEC TRACE - Customer@obj1 uses transition:Verify_Date
2016-10-31 00:19:14 EXEC TRACE - Customer@obj1 enters choice:Check_Date
2016-10-31 00:19:15 EXEC TRACE - Customer@obj1 leaves choice:Check_Date
2016-10-31 00:19:16 EXEC TRACE - Customer@obj1 uses transition:Back_Stay
2016-10-31 00:19:17 EXEC TRACE - Customer@obj1 enters state:Stay
2016-10-31 00:19:18 EXEC TRACE - Customer@obj1 processes signal:DoReservation
2016-10-31 00:19:18 EXEC TRACE - Customer@obj1 leaves state:Stay
2016-10-31 00:19:19 EXEC TRACE - Customer@obj1 uses transition:Verify_Date
2016-10-31 00:19:21 EXEC TRACE - Customer@obj1 enters choice:Check_Date
2016-10-31 00:19:22 EXEC TRACE - Customer@obj1 leaves choice:Check_Date
2016-10-31 00:19:23 EXEC TRACE - Customer@obj1 uses transition:Back_Stay
2016-10-31 00:19:24 EXEC TRACE - Customer@obj1 enters state:Stay
2016-10-31 00:19:26 EXEC TRACE - Customer@obj1 processes signal:DoReservation
2016-10-31 00:19:26 EXEC TRACE - Customer@obj1 leaves state:Stay
2016-10-31 00:19:27 EXEC TRACE - Customer@obj1 uses transition:Verify_Date
2016-10-31 00:19:28 EXEC TRACE - Customer@obj1 enters choice:Check_Date
2016-10-31 00:19:29 EXEC TRACE - Customer@obj1 leaves choice:Check_Date
2016-10-31 00:19:30 EXEC TRACE - Customer@obj1 uses transition:Back_Stay
2016-10-31 00:19:32 EXEC TRACE - Customer@obj1 enters state:Stay
2016-10-31 00:19:33 EXEC TRACE - Model executor terminated.
2016-10-31 00:20:53 SYS   INFO - txtUML Diagnostics connection is set on 55088 for service instance 0xf6c4bdf7
2016-10-31 00:20:53 EXEC TRACE - Model executor started.
2016-10-31 00:20:54 USER  INFO - Hotel and Customers are starting.
2016-10-31 00:20:54 EXEC TRACE - Hotel@obj0 leaves initial:Init
2016-10-31 00:20:55 EXEC TRACE - Hotel@obj0 uses transition:Initialize
2016-10-31 00:20:56 EXEC TRACE - Hotel@obj0 enters state:Receive_Customer
2016-10-31 00:20:57 EXEC TRACE - Customer@obj1 leaves initial:Init
2016-10-31 00:20:58 EXEC TRACE - Customer@obj1 uses transition:Wait
2016-10-31 00:21:00 EXEC TRACE - Customer@obj1 enters state:Waiting
2016-10-31 00:21:01 EXEC TRACE - Customer@obj2 leaves initial:Init
2016-10-31 00:21:01 EXEC TRACE - Customer@obj2 uses transition:Wait
2016-10-31 00:21:01 EXEC TRACE - Customer@obj2 enters state:Waiting
2016-10-31 00:21:01 EXEC TRACE - Customer@obj3 leaves initial:Init
2016-10-31 00:21:01 EXEC TRACE - Customer@obj3 uses transition:Wait
2016-10-31 00:21:01 EXEC TRACE - Customer@obj3 enters state:Waiting
2016-10-31 00:21:01 EXEC TRACE - Customer@obj4 leaves initial:Init
2016-10-31 00:21:01 EXEC TRACE - Customer@obj4 uses transition:Wait
2016-10-31 00:21:01 EXEC TRACE - Customer@obj4 enters state:Waiting
2016-10-31 00:21:01 USER  INFO - One of the customers is starting to Booking in Hotel
2016-10-31 00:21:01 USER  INFO - Second customer is starting to Booking in Hotel
2016-10-31 00:21:01 USER  INFO - Second customer is starting to Booking in Hotel
2016-10-31 00:21:01 USER  INFO - Second customer is starting to Booking in Hotel
2016-10-31 00:21:01 EXEC TRACE - Customer@obj1 processes signal:DoReservation
2016-10-31 00:21:01 EXEC TRACE - Customer@obj1 leaves state:Waiting
2016-10-31 00:21:02 EXEC TRACE - Customer@obj1 uses transition:Reservatio
2016-10-31 00:21:03 EXEC TRACE - Customer@obj1 enters state:DoReserv
2016-10-31 00:21:05 EXEC TRACE - Customer@obj1 processes signal:DoReservation
2016-10-31 00:21:05 EXEC  WARN - A signal arrived to model object Customer@obj1 but it was not processed by the object's state machine. The signal was: signal:DoReservation
2016-10-31 00:21:05 EXEC TRACE - Customer@obj1 processes signal:DoReservation
2016-10-31 00:21:05 EXEC  WARN - A signal arrived to model object Customer@obj1 but it was not processed by the object's state machine. The signal was: signal:DoReservation
2016-10-31 00:21:05 EXEC TRACE - Customer@obj1 processes signal:DoReservation
2016-10-31 00:21:05 EXEC  WARN - A signal arrived to model object Customer@obj1 but it was not processed by the object's state machine. The signal was: signal:DoReservation
2016-10-31 00:21:05 EXEC TRACE - Customer@obj1 processes signal:DoReservation
2016-10-31 00:21:05 EXEC  WARN - A signal arrived to model object Customer@obj1 but it was not processed by the object's state machine. The signal was: signal:DoReservation
2016-10-31 00:21:05 EXEC TRACE - Customer@obj1 processes signal:DoReservation
2016-10-31 00:21:05 EXEC  WARN - A signal arrived to model object Customer@obj1 but it was not processed by the object's state machine. The signal was: signal:DoReservation
2016-10-31 00:21:05 EXEC TRACE - Customer@obj1 processes signal:DoReservation
2016-10-31 00:21:05 EXEC  WARN - A signal arrived to model object Customer@obj1 but it was not processed by the object's state machine. The signal was: signal:DoReservation
2016-10-31 00:21:05 EXEC TRACE - Customer@obj1 processes signal:DoReservation
2016-10-31 00:21:05 EXEC  WARN - A signal arrived to model object Customer@obj1 but it was not processed by the object's state machine. The signal was: signal:DoReservation
2016-10-31 00:21:05 EXEC TRACE - Model executor terminated.
2016-10-31 00:21:34 SYS   INFO - txtUML Diagnostics connection is set on 55119 for service instance 0x3d5bb406
2016-10-31 00:21:34 EXEC TRACE - Model executor started.
2016-10-31 00:21:35 USER  INFO - Hotel and Customers are starting.
2016-10-31 00:21:35 EXEC TRACE - Hotel@obj0 leaves initial:Init
2016-10-31 00:21:36 EXEC TRACE - Hotel@obj0 uses transition:Initialize
2016-10-31 00:21:37 EXEC TRACE - Hotel@obj0 enters state:Receive_Customer
2016-10-31 00:21:38 EXEC TRACE - Customer@obj1 leaves initial:Init
2016-10-31 00:21:39 EXEC TRACE - Customer@obj1 uses transition:Wait
2016-10-31 00:21:41 EXEC TRACE - Customer@obj1 enters state:Waiting
2016-10-31 00:21:42 EXEC TRACE - Customer@obj2 leaves initial:Init
2016-10-31 00:21:42 EXEC TRACE - Customer@obj2 uses transition:Wait
2016-10-31 00:21:42 EXEC TRACE - Customer@obj2 enters state:Waiting
2016-10-31 00:21:42 EXEC TRACE - Customer@obj3 leaves initial:Init
2016-10-31 00:21:42 EXEC TRACE - Customer@obj3 uses transition:Wait
2016-10-31 00:21:42 EXEC TRACE - Customer@obj3 enters state:Waiting
2016-10-31 00:21:42 EXEC TRACE - Customer@obj4 leaves initial:Init
2016-10-31 00:21:42 EXEC TRACE - Customer@obj4 uses transition:Wait
2016-10-31 00:21:42 EXEC TRACE - Customer@obj4 enters state:Waiting
2016-10-31 00:21:42 USER  INFO - One of the customers is starting to Booking in Hotel
2016-10-31 00:21:42 USER  INFO - Second customer is starting to Booking in Hotel
2016-10-31 00:21:42 USER  INFO - Second customer is starting to Booking in Hotel
2016-10-31 00:21:42 USER  INFO - Second customer is starting to Booking in Hotel
2016-10-31 00:21:42 EXEC TRACE - Customer@obj1 processes signal:DoReservation
2016-10-31 00:21:42 EXEC TRACE - Customer@obj1 leaves state:Waiting
2016-10-31 00:21:43 EXEC TRACE - Customer@obj1 uses transition:Reservatio
2016-10-31 00:21:45 EXEC TRACE - Customer@obj1 enters state:DoReserv
2016-10-31 00:21:46 EXEC TRACE - Customer@obj1 processes signal:OnBooking
2016-10-31 00:21:46 EXEC TRACE - Customer@obj1 leaves state:DoReserv
2016-10-31 00:21:47 EXEC TRACE - Customer@obj1 uses transition:Check
2016-10-31 00:21:48 EXEC TRACE - Customer@obj1 enters choice:Check_Place
2016-10-31 00:21:49 EXEC TRACE - Customer@obj1 leaves choice:Check_Place
2016-10-31 00:21:50 EXEC TRACE - Customer@obj1 uses transition:Book
2016-10-31 00:21:51 EXEC TRACE - Customer@obj1 enters state:Check_In
2016-10-31 00:21:53 EXEC TRACE - Customer@obj1 processes signal:DoReservation
2016-10-31 00:21:53 EXEC TRACE - Customer@obj1 leaves state:Check_In
2016-10-31 00:21:54 EXEC TRACE - Customer@obj1 uses transition:Pay
2016-10-31 00:21:55 EXEC TRACE - Customer@obj1 enters state:Payment
2016-10-31 00:21:56 EXEC TRACE - Customer@obj1 processes signal:DoReservation
2016-10-31 00:21:56 EXEC TRACE - Customer@obj1 leaves state:Payment
2016-10-31 00:21:57 EXEC TRACE - Customer@obj1 uses transition:EnterToHotel
2016-10-31 00:21:58 EXEC TRACE - Customer@obj1 enters state:Stay
2016-10-31 00:21:59 EXEC TRACE - Customer@obj1 processes signal:DoReservation
2016-10-31 00:22:00 EXEC TRACE - Customer@obj1 leaves state:Stay
2016-10-31 00:22:01 EXEC TRACE - Customer@obj1 uses transition:Verify_Date
2016-10-31 00:22:02 EXEC TRACE - Customer@obj1 enters choice:Check_Date
2016-10-31 00:22:03 EXEC TRACE - Customer@obj1 leaves choice:Check_Date
2016-10-31 00:22:04 EXEC TRACE - Customer@obj1 uses transition:Back_Stay
2016-10-31 00:22:06 EXEC TRACE - Customer@obj1 enters state:Stay
2016-10-31 00:22:07 EXEC TRACE - Customer@obj1 processes signal:OnBooking
2016-10-31 00:22:07 EXEC  WARN - A signal arrived to model object Customer@obj1 but it was not processed by the object's state machine. The signal was: signal:OnBooking
2016-10-31 00:22:07 EXEC TRACE - Customer@obj1 processes signal:DoReservation
2016-10-31 00:22:07 EXEC TRACE - Customer@obj1 leaves state:Stay
2016-10-31 00:22:08 EXEC TRACE - Customer@obj1 uses transition:Verify_Date
2016-10-31 00:22:09 EXEC TRACE - Customer@obj1 enters choice:Check_Date
2016-10-31 00:22:10 EXEC TRACE - Customer@obj1 leaves choice:Check_Date
2016-10-31 00:22:11 EXEC TRACE - Customer@obj1 uses transition:Back_Stay
2016-10-31 00:22:13 EXEC TRACE - Customer@obj1 enters state:Stay
2016-10-31 00:22:14 EXEC TRACE - Customer@obj1 processes signal:DoReservation
2016-10-31 00:22:14 EXEC TRACE - Customer@obj1 leaves state:Stay
2016-10-31 00:22:15 EXEC TRACE - Customer@obj1 uses transition:Verify_Date
2016-10-31 00:22:16 EXEC TRACE - Customer@obj1 enters choice:Check_Date
2016-10-31 00:22:17 EXEC TRACE - Customer@obj1 leaves choice:Check_Date
2016-10-31 00:22:19 EXEC TRACE - Customer@obj1 uses transition:Back_Stay
2016-10-31 00:22:20 EXEC TRACE - Customer@obj1 enters state:Stay
2016-10-31 00:22:21 EXEC TRACE - Model executor terminated.
2016-10-31 00:22:43 SYS   INFO - txtUML Diagnostics connection is set on 55182 for service instance 0x73256cb3
2016-10-31 00:22:43 EXEC TRACE - Model executor started.
2016-10-31 00:22:44 USER  INFO - Hotel and Customers are starting.
2016-10-31 00:22:44 EXEC TRACE - Hotel@obj0 leaves initial:Init
2016-10-31 00:22:45 EXEC TRACE - Hotel@obj0 uses transition:Initialize
2016-10-31 00:22:46 EXEC TRACE - Hotel@obj0 enters state:Receive_Customer
2016-10-31 00:22:48 EXEC TRACE - Customer@obj1 leaves initial:Init
2016-10-31 00:22:49 EXEC TRACE - Customer@obj1 uses transition:Wait
2016-10-31 00:22:50 EXEC TRACE - Customer@obj1 enters state:Waiting
2016-10-31 00:22:51 EXEC TRACE - Customer@obj2 leaves initial:Init
2016-10-31 00:22:51 EXEC TRACE - Customer@obj2 uses transition:Wait
2016-10-31 00:22:51 EXEC TRACE - Customer@obj2 enters state:Waiting
2016-10-31 00:22:51 EXEC TRACE - Customer@obj3 leaves initial:Init
2016-10-31 00:22:51 EXEC TRACE - Customer@obj3 uses transition:Wait
2016-10-31 00:22:51 EXEC TRACE - Customer@obj3 enters state:Waiting
2016-10-31 00:22:51 EXEC TRACE - Customer@obj4 leaves initial:Init
2016-10-31 00:22:51 EXEC TRACE - Customer@obj4 uses transition:Wait
2016-10-31 00:22:51 EXEC TRACE - Customer@obj4 enters state:Waiting
2016-10-31 00:22:51 USER  INFO - One of the customers is starting to Booking in Hotel
2016-10-31 00:22:51 USER  INFO - Second customer is starting to Booking in Hotel
2016-10-31 00:22:51 USER  INFO - Second customer is starting to Booking in Hotel
2016-10-31 00:22:51 USER  INFO - Second customer is starting to Booking in Hotel
2016-10-31 00:22:51 EXEC TRACE - Customer@obj1 processes signal:OnBooking
2016-10-31 00:22:51 EXEC  WARN - A signal arrived to model object Customer@obj1 but it was not processed by the object's state machine. The signal was: signal:OnBooking
2016-10-31 00:22:51 EXEC TRACE - Customer@obj1 processes signal:OnBooking
2016-10-31 00:22:51 EXEC  WARN - A signal arrived to model object Customer@obj1 but it was not processed by the object's state machine. The signal was: signal:OnBooking
2016-10-31 00:22:51 EXEC TRACE - Customer@obj1 processes signal:DoReservation
2016-10-31 00:22:51 EXEC TRACE - Customer@obj1 leaves state:Waiting
2016-10-31 00:22:52 EXEC TRACE - Customer@obj1 uses transition:Reservatio
2016-10-31 00:22:53 EXEC TRACE - Customer@obj1 enters state:DoReserv
2016-10-31 00:22:55 EXEC TRACE - Customer@obj1 processes signal:DoReservation
2016-10-31 00:22:55 EXEC  WARN - A signal arrived to model object Customer@obj1 but it was not processed by the object's state machine. The signal was: signal:DoReservation
2016-10-31 00:22:55 EXEC TRACE - Customer@obj1 processes signal:OnBooking
2016-10-31 00:22:55 EXEC TRACE - Customer@obj1 leaves state:DoReserv
2016-10-31 00:22:56 EXEC TRACE - Customer@obj1 uses transition:Check
2016-10-31 00:22:57 EXEC TRACE - Customer@obj1 enters choice:Check_Place
2016-10-31 00:22:58 EXEC TRACE - Customer@obj1 leaves choice:Check_Place
2016-10-31 00:23:00 EXEC TRACE - Customer@obj1 uses transition:Book
2016-10-31 00:23:01 EXEC TRACE - Customer@obj1 enters state:Check_In
2016-10-31 00:23:02 EXEC TRACE - Customer@obj1 processes signal:OnBooking
2016-10-31 00:23:02 EXEC  WARN - A signal arrived to model object Customer@obj1 but it was not processed by the object's state machine. The signal was: signal:OnBooking
2016-10-31 00:23:02 EXEC TRACE - Customer@obj1 processes signal:DoReservation
2016-10-31 00:23:02 EXEC TRACE - Customer@obj1 leaves state:Check_In
2016-10-31 00:23:04 EXEC TRACE - Customer@obj1 uses transition:Pay
2016-10-31 00:23:05 EXEC TRACE - Customer@obj1 enters state:Payment
2016-10-31 00:23:06 EXEC TRACE - Customer@obj1 processes signal:DoReservation
2016-10-31 00:23:06 EXEC TRACE - Customer@obj1 leaves state:Payment
2016-10-31 00:23:07 EXEC TRACE - Customer@obj1 uses transition:EnterToHotel
2016-10-31 00:23:08 EXEC TRACE - Customer@obj1 enters state:Stay
2016-10-31 00:23:09 EXEC TRACE - Model executor terminated.
2016-11-06 04:28:45 SYS   INFO - txtUML Diagnostics connection is set on 58563 for service instance 0x8a8d1f10
2016-11-06 04:28:45 EXEC TRACE - Model executor started.
2016-11-06 04:28:45 USER  INFO - Hotel and Customers are starting.
2016-11-06 04:28:45 EXEC TRACE - Hotel@obj0 leaves initial:Init
2016-11-06 04:28:46 EXEC TRACE - Hotel@obj0 uses transition:Initialize
2016-11-06 04:28:47 EXEC TRACE - Hotel@obj0 enters state:Receive_Customer
2016-11-06 04:28:48 EXEC TRACE - Customer@obj1 leaves initial:Init
2016-11-06 04:28:49 EXEC TRACE - Customer@obj1 uses transition:Wait
2016-11-06 04:28:51 EXEC TRACE - Customer@obj1 enters state:Waiting
2016-11-06 04:28:52 EXEC TRACE - Customer@obj2 leaves initial:Init
2016-11-06 04:28:52 EXEC TRACE - Customer@obj2 uses transition:Wait
2016-11-06 04:28:52 EXEC TRACE - Customer@obj2 enters state:Waiting
2016-11-06 04:28:52 EXEC TRACE - Customer@obj3 leaves initial:Init
2016-11-06 04:28:52 EXEC TRACE - Customer@obj3 uses transition:Wait
2016-11-06 04:28:52 EXEC TRACE - Customer@obj3 enters state:Waiting
2016-11-06 04:28:52 EXEC TRACE - Customer@obj4 leaves initial:Init
2016-11-06 04:28:52 EXEC TRACE - Customer@obj4 uses transition:Wait
2016-11-06 04:28:52 EXEC TRACE - Customer@obj4 enters state:Waiting
2016-11-06 04:28:52 USER  INFO - One of the customers is starting to Booking in Hotel
2016-11-06 04:28:52 USER  INFO - Second customer is starting to Booking in Hotel
2016-11-06 04:28:52 USER  INFO - Second customer is starting to Booking in Hotel
2016-11-06 04:28:52 USER  INFO - Second customer is starting to Booking in Hotel
2016-11-06 04:28:52 EXEC TRACE - Customer@obj1 processes signal:DoReservation
2016-11-06 04:28:52 EXEC TRACE - Customer@obj1 leaves state:Waiting
2016-11-06 04:28:53 EXEC TRACE - Customer@obj1 uses transition:Reservatio
2016-11-06 04:28:54 EXEC TRACE - Customer@obj1 enters state:DoReserv
2016-11-06 04:28:55 EXEC TRACE - Customer@obj1 processes signal:DoReservation
2016-11-06 04:28:55 EXEC TRACE - Customer@obj1 leaves state:DoReserv
2016-11-06 04:28:57 EXEC TRACE - Customer@obj1 uses transition:Check
2016-11-06 04:28:58 EXEC TRACE - Customer@obj1 enters choice:Check_Place
2016-11-06 04:28:59 EXEC TRACE - Customer@obj1 leaves choice:Check_Place
2016-11-06 04:29:01 EXEC TRACE - Customer@obj1 uses transition:Book
2016-11-06 04:29:02 EXEC TRACE - Customer@obj1 enters state:Check_In
2016-11-06 04:29:03 EXEC TRACE - Customer@obj1 processes signal:DoReservation
2016-11-06 04:29:03 EXEC TRACE - Customer@obj1 leaves state:Check_In
2016-11-06 04:29:04 EXEC TRACE - Customer@obj1 uses transition:Pay
2016-11-06 04:29:05 EXEC TRACE - Customer@obj1 enters state:Payment
2016-11-06 04:29:07 EXEC TRACE - Customer@obj1 processes signal:DoReservation
2016-11-06 04:29:07 EXEC TRACE - Customer@obj1 leaves state:Payment
2016-11-06 04:29:08 EXEC TRACE - Customer@obj1 uses transition:EnterToHotel
2016-11-06 04:29:09 EXEC TRACE - Customer@obj1 enters state:Stay
2016-11-06 04:29:10 EXEC TRACE - Customer@obj1 processes signal:DoReservation
2016-11-06 04:29:10 EXEC TRACE - Customer@obj1 leaves state:Stay
2016-11-06 04:29:11 EXEC TRACE - Customer@obj1 uses transition:Verify_Date
2016-11-06 04:29:12 EXEC TRACE - Customer@obj1 enters choice:Check_Date
2016-11-06 04:29:14 EXEC TRACE - Customer@obj1 leaves choice:Check_Date
2016-11-06 04:29:15 EXEC TRACE - Customer@obj1 uses transition:Back_Stay
2016-11-06 04:29:16 EXEC TRACE - Customer@obj1 enters state:Stay
2016-11-06 04:29:17 EXEC TRACE - Customer@obj1 processes signal:DoReservation
2016-11-06 04:29:17 EXEC TRACE - Customer@obj1 leaves state:Stay
2016-11-06 04:29:18 EXEC TRACE - Customer@obj1 uses transition:Verify_Date
2016-11-06 04:29:19 EXEC TRACE - Customer@obj1 enters choice:Check_Date
2016-11-06 04:29:21 EXEC TRACE - Customer@obj1 leaves choice:Check_Date
2016-11-06 04:29:22 EXEC TRACE - Customer@obj1 uses transition:Back_Stay
2016-11-06 04:29:23 EXEC TRACE - Customer@obj1 enters state:Stay
2016-11-06 04:29:24 EXEC TRACE - Customer@obj1 processes signal:DoReservation
2016-11-06 04:29:24 EXEC TRACE - Customer@obj1 leaves state:Stay
2016-11-06 04:29:25 EXEC TRACE - Customer@obj1 uses transition:Verify_Date
2016-11-06 04:29:26 EXEC TRACE - Customer@obj1 enters choice:Check_Date
2016-11-06 04:29:27 EXEC TRACE - Customer@obj1 leaves choice:Check_Date
2016-11-06 04:29:29 EXEC TRACE - Customer@obj1 uses transition:Back_Stay
2016-11-06 04:29:30 EXEC TRACE - Customer@obj1 enters state:Stay
2016-11-06 04:29:31 EXEC TRACE - Customer@obj1 processes signal:DoReservation
2016-11-06 04:29:31 EXEC TRACE - Customer@obj1 leaves state:Stay
2016-11-06 04:29:32 EXEC TRACE - Customer@obj1 uses transition:Verify_Date
2016-11-06 04:29:33 EXEC TRACE - Customer@obj1 enters choice:Check_Date
2016-11-06 04:29:34 EXEC TRACE - Customer@obj1 leaves choice:Check_Date
2016-11-06 04:29:35 EXEC TRACE - Customer@obj1 uses transition:Back_Stay
2016-11-06 04:29:37 EXEC TRACE - Customer@obj1 enters state:Stay
2016-11-06 04:29:38 EXEC TRACE - Model executor terminated.
2016-11-06 04:30:56 SYS   INFO - txtUML Diagnostics connection is set on 58667 for service instance 0x36e4ecef
2016-11-06 04:30:56 EXEC TRACE - Model executor started.
2016-11-06 04:30:56 USER  INFO - Hotel and Customers are starting.
2016-11-06 04:30:57 EXEC TRACE - Hotel@obj0 leaves initial:Init
2016-11-06 04:30:58 EXEC TRACE - Hotel@obj0 uses transition:Initialize
2016-11-06 04:30:59 EXEC TRACE - Hotel@obj0 enters state:Receive_Customer
2016-11-06 04:31:00 EXEC TRACE - Customer@obj1 leaves initial:Init
2016-11-06 04:31:01 EXEC TRACE - Customer@obj1 uses transition:Wait
2016-11-06 04:31:02 EXEC TRACE - Customer@obj1 enters state:Waiting
2016-11-06 04:31:03 EXEC TRACE - Customer@obj2 leaves initial:Init
2016-11-06 04:31:03 EXEC TRACE - Customer@obj2 uses transition:Wait
2016-11-06 04:31:03 EXEC TRACE - Customer@obj2 enters state:Waiting
2016-11-06 04:31:04 EXEC TRACE - Customer@obj3 leaves initial:Init
2016-11-06 04:31:04 EXEC TRACE - Customer@obj3 uses transition:Wait
2016-11-06 04:31:04 EXEC TRACE - Customer@obj3 enters state:Waiting
2016-11-06 04:31:04 EXEC TRACE - Customer@obj4 leaves initial:Init
2016-11-06 04:31:04 EXEC TRACE - Customer@obj4 uses transition:Wait
2016-11-06 04:31:04 EXEC TRACE - Customer@obj4 enters state:Waiting
2016-11-06 04:31:04 USER  INFO - One of the customers is starting to Booking in Hotel
2016-11-06 04:31:04 USER  INFO - Second customer is starting to Booking in Hotel
2016-11-06 04:31:04 USER  INFO - Second customer is starting to Booking in Hotel
2016-11-06 04:31:04 EXEC TRACE - Customer@obj1 processes signal:DoReservation
2016-11-06 04:31:04 EXEC TRACE - Customer@obj1 leaves state:Waiting
2016-11-06 04:31:05 EXEC TRACE - Customer@obj1 uses transition:Reservatio
2016-11-06 04:31:06 EXEC TRACE - Customer@obj1 enters state:DoReserv
2016-11-06 04:31:07 EXEC TRACE - Customer@obj1 processes signal:DoReservation
2016-11-06 04:31:07 EXEC TRACE - Customer@obj1 leaves state:DoReserv
2016-11-06 04:31:09 EXEC TRACE - Customer@obj1 uses transition:Check
2016-11-06 04:31:10 EXEC TRACE - Customer@obj1 enters choice:Check_Place
2016-11-06 04:31:11 EXEC TRACE - Customer@obj1 leaves choice:Check_Place
2016-11-06 04:31:12 EXEC TRACE - Customer@obj1 uses transition:Book
2016-11-06 04:31:13 EXEC TRACE - Customer@obj1 enters state:Check_In
2016-11-06 04:31:14 EXEC TRACE - Customer@obj1 processes signal:DoReservation
2016-11-06 04:31:14 EXEC TRACE - Customer@obj1 leaves state:Check_In
2016-11-06 04:31:16 EXEC TRACE - Customer@obj1 uses transition:Pay
2016-11-06 04:31:17 EXEC TRACE - Customer@obj1 enters state:Payment
2016-11-06 04:31:18 EXEC TRACE - Customer@obj1 processes signal:DoReservation
2016-11-06 04:31:18 EXEC TRACE - Customer@obj1 leaves state:Payment
2016-11-06 04:31:19 EXEC TRACE - Customer@obj1 uses transition:EnterToHotel
2016-11-06 04:31:20 EXEC TRACE - Customer@obj1 enters state:Stay
2016-11-06 04:31:21 EXEC TRACE - Model executor terminated.
2016-11-06 21:48:59 SYS   INFO - txtUML Diagnostics connection is set on 61566 for service instance 0xfb96278b
2016-11-06 21:48:59 EXEC TRACE - Model executor started.
2016-11-06 21:48:59 USER  INFO - Hotel and Customers are starting.
2016-11-06 21:48:59 EXEC TRACE - Hotel@obj0 leaves initial:Init
2016-11-06 21:49:00 EXEC TRACE - Hotel@obj0 uses transition:Initialize
2016-11-06 21:49:02 EXEC TRACE - Hotel@obj0 enters state:Receive_Customer
2016-11-06 21:49:03 EXEC TRACE - Customer@obj1 leaves initial:Init
2016-11-06 21:49:04 EXEC TRACE - Customer@obj1 uses transition:Wait
2016-11-06 21:49:05 EXEC TRACE - Customer@obj1 enters state:Waiting
2016-11-06 21:49:07 EXEC TRACE - Customer@obj2 leaves initial:Init
2016-11-06 21:49:07 EXEC TRACE - Customer@obj2 uses transition:Wait
2016-11-06 21:49:07 EXEC TRACE - Customer@obj2 enters state:Waiting
2016-11-06 21:49:07 EXEC TRACE - Customer@obj3 leaves initial:Init
2016-11-06 21:49:07 EXEC TRACE - Customer@obj3 uses transition:Wait
2016-11-06 21:49:07 EXEC TRACE - Customer@obj3 enters state:Waiting
2016-11-06 21:49:07 EXEC TRACE - Customer@obj4 leaves initial:Init
2016-11-06 21:49:07 EXEC TRACE - Customer@obj4 uses transition:Wait
2016-11-06 21:49:07 EXEC TRACE - Customer@obj4 enters state:Waiting
2016-11-06 21:49:07 USER  INFO - One of the customers is starting to Booking in Hotel
2016-11-06 21:49:07 USER  INFO - Second customer is starting to Booking in Hotel
2016-11-06 21:49:07 USER  INFO - Second customer is starting to Booking in Hotel
2016-11-06 21:49:07 EXEC TRACE - Customer@obj1 processes signal:DoReservation
2016-11-06 21:49:07 EXEC TRACE - Customer@obj1 leaves state:Waiting
2016-11-06 21:49:08 EXEC TRACE - Customer@obj1 uses transition:Reservatio
2016-11-06 21:49:09 EXEC TRACE - Customer@obj1 enters state:DoReserv
2016-11-06 21:49:10 EXEC TRACE - Customer@obj1 processes signal:DoReservation
2016-11-06 21:49:10 EXEC TRACE - Customer@obj1 leaves state:DoReserv
2016-11-06 21:49:11 EXEC TRACE - Customer@obj1 uses transition:Check
2016-11-06 21:49:13 EXEC TRACE - Customer@obj1 enters choice:Check_Place
2016-11-06 21:49:14 EXEC TRACE - Customer@obj1 leaves choice:Check_Place
2016-11-06 21:49:15 EXEC TRACE - Customer@obj1 uses transition:Book
2016-11-06 21:49:16 EXEC TRACE - Customer@obj1 enters state:Check_In
2016-11-06 21:49:17 EXEC TRACE - Customer@obj1 processes signal:DoReservation
2016-11-06 21:49:17 EXEC TRACE - Customer@obj1 leaves state:Check_In
2016-11-06 21:49:18 EXEC TRACE - Customer@obj1 uses transition:Pay
2016-11-06 21:49:19 EXEC TRACE - Customer@obj1 enters state:Payment
2016-11-06 21:49:20 EXEC TRACE - Customer@obj1 processes signal:DoReservation
2016-11-06 21:49:20 EXEC TRACE - Customer@obj1 leaves state:Payment
2016-11-06 21:49:21 EXEC TRACE - Customer@obj1 uses transition:EnterToHotel
2016-11-06 21:49:23 EXEC TRACE - Customer@obj1 enters state:Stay
2016-11-06 21:49:24 EXEC TRACE - Model executor terminated.
2016-11-06 21:50:24 SYS   INFO - txtUML Diagnostics connection is set on 61604 for service instance 0xd5377a5d
2016-11-06 21:50:24 EXEC TRACE - Model executor started.
2016-11-06 21:50:24 USER  INFO - Hotel and Customers are starting.
2016-11-06 21:50:24 EXEC TRACE - Hotel@obj0 leaves initial:Init
2016-11-06 21:50:25 EXEC TRACE - Hotel@obj0 uses transition:Initialize
2016-11-06 21:50:26 EXEC TRACE - Hotel@obj0 enters state:Receive_Customer
2016-11-06 21:50:27 EXEC TRACE - Customer@obj1 leaves initial:Init
2016-11-06 21:50:28 EXEC TRACE - Customer@obj1 uses transition:Wait
2016-11-06 21:50:29 EXEC TRACE - Customer@obj1 enters state:Waiting
2016-11-06 21:50:30 EXEC TRACE - Customer@obj2 leaves initial:Init
2016-11-06 21:50:30 EXEC TRACE - Customer@obj2 uses transition:Wait
2016-11-06 21:50:30 EXEC TRACE - Customer@obj2 enters state:Waiting
2016-11-06 21:50:30 EXEC TRACE - Customer@obj3 leaves initial:Init
2016-11-06 21:50:30 EXEC TRACE - Customer@obj3 uses transition:Wait
2016-11-06 21:50:30 EXEC TRACE - Customer@obj3 enters state:Waiting
2016-11-06 21:50:30 EXEC TRACE - Customer@obj4 leaves initial:Init
2016-11-06 21:50:30 EXEC TRACE - Customer@obj4 uses transition:Wait
2016-11-06 21:50:30 EXEC TRACE - Customer@obj4 enters state:Waiting
2016-11-06 21:50:30 USER  INFO - One of the customers is starting to Booking in Hotel
2016-11-06 21:50:30 USER  INFO - Second customer is starting to Booking in Hotel
2016-11-06 21:50:30 USER  INFO - Second customer is starting to Booking in Hotel
2016-11-06 21:50:30 EXEC TRACE - Customer@obj1 processes signal:DoReservation
2016-11-06 21:50:30 EXEC TRACE - Customer@obj1 leaves state:Waiting
2016-11-06 21:50:31 EXEC TRACE - Customer@obj1 uses transition:Reservatio
2016-11-06 21:50:33 EXEC TRACE - Customer@obj1 enters state:DoReserv
2016-11-06 21:50:34 EXEC TRACE - Customer@obj1 processes signal:DoReservation
2016-11-06 21:50:34 EXEC TRACE - Customer@obj1 leaves state:DoReserv
2016-11-06 21:50:35 EXEC TRACE - Customer@obj1 uses transition:Check
2016-11-06 21:50:36 EXEC TRACE - Customer@obj1 enters choice:Check_Place
2016-11-06 21:50:37 EXEC TRACE - Customer@obj1 leaves choice:Check_Place
2016-11-06 21:50:38 EXEC TRACE - Customer@obj1 uses transition:Book
2016-11-06 21:50:39 EXEC TRACE - Customer@obj1 enters state:Check_In
2016-11-06 21:50:41 EXEC TRACE - Customer@obj1 processes signal:DoReservation
2016-11-06 21:50:41 EXEC TRACE - Customer@obj1 leaves state:Check_In
2016-11-06 21:50:42 EXEC TRACE - Customer@obj1 uses transition:Pay
2016-11-06 21:50:43 EXEC TRACE - Customer@obj1 enters state:Payment
2016-11-06 21:50:44 EXEC TRACE - Customer@obj1 processes signal:DoReservation
2016-11-06 21:50:45 EXEC TRACE - Customer@obj1 leaves state:Payment
2016-11-06 21:50:46 EXEC TRACE - Customer@obj1 uses transition:EnterToHotel
2016-11-06 21:50:47 EXEC TRACE - Customer@obj1 enters state:Stay
2016-11-06 21:50:48 EXEC TRACE - Model executor terminated.
